SF:/Users/bharath/Code/devtools/DevCouncil/rust-port/crates/devmap-analyze/src/clustering.rs
FN:47,_RNvMNtCsdZaEAzaXlkg_14devmap_analyze10clusteringNtB2_5Graph12total_degree
FN:40,_RNvMNtCsdZaEAzaXlkg_14devmap_analyze10clusteringNtB2_5Graph6degree
FN:140,_RNvNtCsdZaEAzaXlkg_14devmap_analyze10clustering12local_moving
FN:194,_RNvNtCsdZaEAzaXlkg_14devmap_analyze10clustering14compact_labels
FN:52,_RNvNtCsdZaEAzaXlkg_14devmap_analyze10clustering18detect_communities
FN:235,_RNvNtCsdZaEAzaXlkg_14devmap_analyze10clustering18split_disconnected
FN:269,_RNvNtCsdZaEAzaXlkg_14devmap_analyze10clustering4emit
FN:105,_RNvNtCsdZaEAzaXlkg_14devmap_analyze10clustering7louvain
FN:208,_RNvNtCsdZaEAzaXlkg_14devmap_analyze10clustering9aggregate
FN:293,_RNCNCNvNtCsdZaEAzaXlkg_14devmap_analyze10clustering4emits0_00B7_
FN:48,_RNCNvMNtCsdZaEAzaXlkg_14devmap_analyze10clusteringNtB4_5Graph12total_degree0B6_
FN:43,_RNCNvMNtCsdZaEAzaXlkg_14devmap_analyze10clusteringNtB4_5Graph6degree0B6_
FN:143,_RNCNvNtCsdZaEAzaXlkg_14devmap_analyze10clustering12local_moving0B5_
FN:162,_RNCNvNtCsdZaEAzaXlkg_14devmap_analyze10clustering12local_movings_0B5_
FN:72,_RNCNvNtCsdZaEAzaXlkg_14devmap_analyze10clustering18detect_communities0B5_
FN:278,_RNCNvNtCsdZaEAzaXlkg_14devmap_analyze10clustering4emit0B5_
FN:290,_RNCNvNtCsdZaEAzaXlkg_14devmap_analyze10clustering4emits0_0B5_
FN:283,_RNCNvNtCsdZaEAzaXlkg_14devmap_analyze10clustering4emits_0B5_
FN:293,_RNCNCNvNtCsfNTxUviIiZa_14devmap_analyze10clustering4emits0_00B7_
FN:48,_RNCNvMNtCsfNTxUviIiZa_14devmap_analyze10clusteringNtB4_5Graph12total_degree0B6_
FN:43,_RNCNvMNtCsfNTxUviIiZa_14devmap_analyze10clusteringNtB4_5Graph6degree0B6_
FN:143,_RNCNvNtCsfNTxUviIiZa_14devmap_analyze10clustering12local_moving0B5_
FN:162,_RNCNvNtCsfNTxUviIiZa_14devmap_analyze10clustering12local_movings_0B5_
FN:72,_RNCNvNtCsfNTxUviIiZa_14devmap_analyze10clustering18detect_communities0B5_
FN:278,_RNCNvNtCsfNTxUviIiZa_14devmap_analyze10clustering4emit0B5_
FN:290,_RNCNvNtCsfNTxUviIiZa_14devmap_analyze10clustering4emits0_0B5_
FN:283,_RNCNvNtCsfNTxUviIiZa_14devmap_analyze10clustering4emits_0B5_
FN:47,_RNvMNtCsfNTxUviIiZa_14devmap_analyze10clusteringNtB2_5Graph12total_degree
FN:40,_RNvMNtCsfNTxUviIiZa_14devmap_analyze10clusteringNtB2_5Graph6degree
FN:140,_RNvNtCsfNTxUviIiZa_14devmap_analyze10clustering12local_moving
FN:194,_RNvNtCsfNTxUviIiZa_14devmap_analyze10clustering14compact_labels
FN:52,_RNvNtCsfNTxUviIiZa_14devmap_analyze10clustering18detect_communities
FN:235,_RNvNtCsfNTxUviIiZa_14devmap_analyze10clustering18split_disconnected
FN:269,_RNvNtCsfNTxUviIiZa_14devmap_analyze10clustering4emit
FN:105,_RNvNtCsfNTxUviIiZa_14devmap_analyze10clustering7louvain
FN:208,_RNvNtCsfNTxUviIiZa_14devmap_analyze10clustering9aggregate
FNDA:321,_RNvMNtCsdZaEAzaXlkg_14devmap_analyze10clusteringNtB2_5Graph12total_degree
FNDA:35106,_RNvMNtCsdZaEAzaXlkg_14devmap_analyze10clusteringNtB2_5Graph6degree
FNDA:296,_RNvNtCsdZaEAzaXlkg_14devmap_analyze10clustering12local_moving
FNDA:442,_RNvNtCsdZaEAzaXlkg_14devmap_analyze10clustering14compact_labels
FNDA:322,_RNvNtCsdZaEAzaXlkg_14devmap_analyze10clustering18detect_communities
FNDA:321,_RNvNtCsdZaEAzaXlkg_14devmap_analyze10clustering18split_disconnected
FNDA:321,_RNvNtCsdZaEAzaXlkg_14devmap_analyze10clustering4emit
FNDA:321,_RNvNtCsdZaEAzaXlkg_14devmap_analyze10clustering7louvain
FNDA:150,_RNvNtCsdZaEAzaXlkg_14devmap_analyze10clustering9aggregate
FNDA:28842,_RNCNCNvNtCsdZaEAzaXlkg_14devmap_analyze10clustering4emits0_00B7_
FNDA:28842,_RNCNvMNtCsdZaEAzaXlkg_14devmap_analyze10clusteringNtB4_5Graph12total_degree0B6_
FNDA:15361,_RNCNvMNtCsdZaEAzaXlkg_14devmap_analyze10clusteringNtB4_5Graph6degree0B6_
FNDA:6264,_RNCNvNtCsdZaEAzaXlkg_14devmap_analyze10clustering12local_moving0B5_
FNDA:31176,_RNCNvNtCsdZaEAzaXlkg_14devmap_analyze10clustering12local_movings_0B5_
FNDA:28842,_RNCNvNtCsdZaEAzaXlkg_14devmap_analyze10clustering18detect_communities0B5_
FNDA:28842,_RNCNvNtCsdZaEAzaXlkg_14devmap_analyze10clustering4emit0B5_
FNDA:26605,_RNCNvNtCsdZaEAzaXlkg_14devmap_analyze10clustering4emits0_0B5_
FNDA:26605,_RNCNvNtCsdZaEAzaXlkg_14devmap_analyze10clustering4emits_0B5_
FNDA:0,_RNCNCNvNtCsfNTxUviIiZa_14devmap_analyze10clustering4emits0_00B7_
FNDA:0,_RNCNvMNtCsfNTxUviIiZa_14devmap_analyze10clusteringNtB4_5Graph12total_degree0B6_
FNDA:0,_RNCNvMNtCsfNTxUviIiZa_14devmap_analyze10clusteringNtB4_5Graph6degree0B6_
FNDA:0,_RNCNvNtCsfNTxUviIiZa_14devmap_analyze10clustering12local_moving0B5_
FNDA:0,_RNCNvNtCsfNTxUviIiZa_14devmap_analyze10clustering12local_movings_0B5_
FNDA:0,_RNCNvNtCsfNTxUviIiZa_14devmap_analyze10clustering18detect_communities0B5_
FNDA:0,_RNCNvNtCsfNTxUviIiZa_14devmap_analyze10clustering4emit0B5_
FNDA:0,_RNCNvNtCsfNTxUviIiZa_14devmap_analyze10clustering4emits0_0B5_
FNDA:0,_RNCNvNtCsfNTxUviIiZa_14devmap_analyze10clustering4emits_0B5_
FNDA:0,_RNvMNtCsfNTxUviIiZa_14devmap_analyze10clusteringNtB2_5Graph12total_degree
FNDA:0,_RNvMNtCsfNTxUviIiZa_14devmap_analyze10clusteringNtB2_5Graph6degree
FNDA:0,_RNvNtCsfNTxUviIiZa_14devmap_analyze10clustering12local_moving
FNDA:0,_RNvNtCsfNTxUviIiZa_14devmap_analyze10clustering14compact_labels
FNDA:0,_RNvNtCsfNTxUviIiZa_14devmap_analyze10clustering18detect_communities
FNDA:0,_RNvNtCsfNTxUviIiZa_14devmap_analyze10clustering18split_disconnected
FNDA:0,_RNvNtCsfNTxUviIiZa_14devmap_analyze10clustering4emit
FNDA:0,_RNvNtCsfNTxUviIiZa_14devmap_analyze10clustering7louvain
FNDA:0,_RNvNtCsfNTxUviIiZa_14devmap_analyze10clustering9aggregate
FNF:18
FNH:18
DA:40,35106
DA:41,35106
DA:42,35106
DA:43,35106
DA:44,35106
DA:45,35106
DA:47,321
DA:48,28842
DA:49,321
DA:52,322
DA:53,322
DA:54,322
DA:55,322
DA:57,322
DA:58,28833
DA:59,28833
DA:60,28833
DA:61,38056
DA:62,38056
DA:63,38056
DA:64,38056
DA:65,322
DA:66,322
DA:67,1
DA:68,321
DA:69,321
DA:70,321
DA:71,321
DA:72,28842
DA:73,321
DA:77,321
DA:78,38056
DA:79,38056
DA:80,38056
DA:81,38056
DA:83,0
DA:85,38056
DA:86,33229
DA:87,4827
DA:88,4827
DA:89,4827
DA:92,321
DA:93,2329
DA:94,2329
DA:95,2329
DA:96,2329
DA:97,321
DA:99,321
DA:100,321
DA:101,321
DA:102,322
DA:105,321
DA:106,321
DA:109,321
DA:110,321
DA:111,175
DA:112,146
DA:116,146
DA:117,146
DA:118,146
DA:119,146
DA:121,146
DA:122,296
DA:123,296
DA:125,296
DA:126,146
DA:127,150
DA:128,11316
DA:129,11316
DA:130,11316
DA:131,150
DA:134,146
DA:135,146
DA:136,321
DA:140,296
DA:141,296
DA:142,296
DA:143,6264
DA:144,296
DA:146,296
DA:147,471
DA:149,12441
DA:150,12441
DA:151,12441
DA:154,12441
DA:155,23785
DA:156,23785
DA:157,4877
DA:158,18908
DA:159,18908
DA:162,31176
DA:163,31176
DA:164,31176
DA:165,31176
DA:167,12441
DA:168,12441
DA:171,18735
DA:172,18735
DA:173,18735
DA:174,4184
DA:175,4184
DA:176,14551
DA:179,12441
DA:180,12441
DA:181,2271
DA:182,2271
DA:183,10170
DA:185,471
DA:186,296
DA:187,175
DA:190,296
DA:191,296
DA:194,442
DA:195,442
DA:196,442
DA:197,9580
DA:198,9580
DA:199,9580
DA:200,9580
DA:201,9580
DA:202,442
DA:203,442
DA:204,442
DA:208,150
DA:209,150
DA:210,5185
DA:211,5185
DA:212,10265
DA:213,10265
DA:214,1869
DA:215,1869
DA:216,8396
DA:217,8396
DA:218,4198
DA:219,4198
DA:220,4198
DA:221,4198
DA:222,2241
DA:223,2241
DA:224,1957
DA:225,1957
DA:226,1957
DA:229,150
DA:230,150
DA:235,321
DA:236,321
DA:237,321
DA:238,28842
DA:239,28842
DA:240,28842
DA:242,321
DA:243,321
DA:244,26605
DA:245,26605
DA:246,26605
DA:247,28842
DA:248,28842
DA:249,2237
DA:250,26605
DA:252,26605
DA:253,26605
DA:254,55447
DA:255,28842
DA:256,28842
DA:257,4658
DA:258,2237
DA:259,2421
DA:262,26605
DA:265,321
DA:266,321
DA:269,321
DA:270,321
DA:271,28842
DA:272,28842
DA:273,28842
DA:275,321
DA:276,321
DA:277,321
DA:278,28842
DA:279,321
DA:281,321
DA:282,321
DA:283,26605
DA:284,321
DA:285,321
DA:287,321
DA:288,321
DA:289,321
DA:290,26605
DA:291,26605
DA:292,26605
DA:293,28842
DA:294,26605
DA:300,26605
DA:301,26605
DA:302,28842
DA:303,28842
DA:304,4658
DA:305,0
DA:306,4658
DA:307,4658
DA:308,4482
DA:309,4482
DA:310,176
DA:311,176
DA:314,26605
DA:315,26605
DA:316,26605
DA:317,270
DA:319,26335
DA:322,26605
DA:323,26605
DA:324,26605
DA:325,26605
DA:326,26605
DA:327,26605
DA:328,26605
DA:329,26605
DA:330,321
DA:331,321
BRF:0
BRH:0
LF:229
LH:227
end_of_record
SF:/Users/bharath/Code/devtools/DevCouncil/rust-port/crates/devmap-analyze/src/lib.rs
FN:20,_RNCNvCsdZaEAzaXlkg_14devmap_analyze7analyze0B3_
FN:16,_RNvCsdZaEAzaXlkg_14devmap_analyze7analyze
FN:20,_RNCNvCsfNTxUviIiZa_14devmap_analyze7analyze0B3_
FN:16,_RNvCsfNTxUviIiZa_14devmap_analyze7analyze
FNDA:28636,_RNCNvCsdZaEAzaXlkg_14devmap_analyze7analyze0B3_
FNDA:281,_RNvCsdZaEAzaXlkg_14devmap_analyze7analyze
FNDA:0,_RNCNvCsfNTxUviIiZa_14devmap_analyze7analyze0B3_
FNDA:0,_RNvCsfNTxUviIiZa_14devmap_analyze7analyze
FNF:2
FNH:2
DA:16,281
DA:17,281
DA:18,281
DA:20,28636
DA:22,281
DA:23,281
DA:24,281
DA:25,281
DA:26,281
DA:27,281
DA:28,281
DA:29,281
DA:30,281
DA:31,281
BRF:0
BRH:0
LF:15
LH:15
end_of_record
SF:/Users/bharath/Code/devtools/DevCouncil/rust-port/crates/devmap-analyze/src/liveness.rs
FN:317,_RNCNCNvNtCsdZaEAzaXlkg_14devmap_analyze8liveness16analyze_livenesss3_00B7_
FN:386,_RNCNCNvNtCsdZaEAzaXlkg_14devmap_analyze8liveness16analyze_livenesss8_00B7_
FN:31,_RNCNvNtCsdZaEAzaXlkg_14devmap_analyze8liveness14go_package_key0B5_
FN:276,_RNCNvNtCsdZaEAzaXlkg_14devmap_analyze8liveness16analyze_liveness0B5_
FN:299,_RNCNvNtCsdZaEAzaXlkg_14devmap_analyze8liveness16analyze_livenesss0_0B5_
FN:305,_RNCNvNtCsdZaEAzaXlkg_14devmap_analyze8liveness16analyze_livenesss1_0B5_
FN:312,_RNCNvNtCsdZaEAzaXlkg_14devmap_analyze8liveness16analyze_livenesss2_0B5_
FN:313,_RNCNvNtCsdZaEAzaXlkg_14devmap_analyze8liveness16analyze_livenesss3_0B5_
FN:330,_RNCNvNtCsdZaEAzaXlkg_14devmap_analyze8liveness16analyze_livenesss4_0B5_
FN:347,_RNCNvNtCsdZaEAzaXlkg_14devmap_analyze8liveness16analyze_livenesss5_0B5_
FN:357,_RNCNvNtCsdZaEAzaXlkg_14devmap_analyze8liveness16analyze_livenesss6_0B5_
FN:368,_RNCNvNtCsdZaEAzaXlkg_14devmap_analyze8liveness16analyze_livenesss7_0B5_
FN:383,_RNCNvNtCsdZaEAzaXlkg_14devmap_analyze8liveness16analyze_livenesss8_0B5_
FN:437,_RNCNvNtCsdZaEAzaXlkg_14devmap_analyze8liveness16analyze_livenesss9_0B5_
FN:279,_RNCNvNtCsdZaEAzaXlkg_14devmap_analyze8liveness16analyze_livenesss_0B5_
FN:438,_RNCNvNtCsdZaEAzaXlkg_14devmap_analyze8liveness16analyze_livenesssa_0B5_
FN:79,_RNCNvNtCsdZaEAzaXlkg_14devmap_analyze8liveness16is_c_header_path0B5_
FN:14,_RNCNvNtCsdZaEAzaXlkg_14devmap_analyze8liveness20dead_symbol_identity0B5_
FN:16,_RNCNvNtCsdZaEAzaXlkg_14devmap_analyze8liveness20dead_symbol_identitys_0B5_
FN:185,_RNCNvNtCsdZaEAzaXlkg_14devmap_analyze8liveness27go_build_variant_identities0B5_
FN:22,_RNvNtCsdZaEAzaXlkg_14devmap_analyze8liveness10parent_dir
FN:27,_RNvNtCsdZaEAzaXlkg_14devmap_analyze8liveness14go_package_key
FN:190,_RNvNtCsdZaEAzaXlkg_14devmap_analyze8liveness16analyze_liveness
FN:75,_RNvNtCsdZaEAzaXlkg_14devmap_analyze8liveness16is_c_header_path
FN:10,_RNvNtCsdZaEAzaXlkg_14devmap_analyze8liveness20dead_symbol_identity
FN:65,_RNvNtCsdZaEAzaXlkg_14devmap_analyze8liveness20is_c_family_language
FN:112,_RNvNtCsdZaEAzaXlkg_14devmap_analyze8liveness23c_header_exported_names
FN:161,_RNvNtCsdZaEAzaXlkg_14devmap_analyze8liveness27go_build_variant_identities
FN:44,_RNvNtCsdZaEAzaXlkg_14devmap_analyze8liveness29go_interface_specs_by_package
FN:634,_RNCNvNtNtCsfNTxUviIiZa_14devmap_analyze8liveness5testss_45parse_error_overlap_is_half_open_at_both_ends0B7_
FN:652,_RNCNvNtNtCsfNTxUviIiZa_14devmap_analyze8liveness5testss_45parse_error_overlap_is_half_open_at_both_endss0_0B7_
FN:643,_RNCNvNtNtCsfNTxUviIiZa_14devmap_analyze8liveness5testss_45parse_error_overlap_is_half_open_at_both_endss_0B7_
FN:538,_RNCNvNtNtCsfNTxUviIiZa_14devmap_analyze8liveness5testss_52either_spelling_of_a_call_target_marks_a_symbol_live0B7_
FN:549,_RNCNvNtNtCsfNTxUviIiZa_14devmap_analyze8liveness5testss_52either_spelling_of_a_call_target_marks_a_symbol_lives_0B7_
FN:611,_RNCNvNtNtCsfNTxUviIiZa_14devmap_analyze8liveness5testss_57underscore_private_symbols_are_skipped_and_others_are_not0B7_
FN:615,_RNCNvNtNtCsfNTxUviIiZa_14devmap_analyze8liveness5testss_57underscore_private_symbols_are_skipped_and_others_are_nots_0B7_
FN:579,_RNCNvNtNtCsfNTxUviIiZa_14devmap_analyze8liveness5testss_59either_spelling_of_an_ambiguous_call_downgrades_the_verdict0B7_
FN:580,_RNCNvNtNtCsfNTxUviIiZa_14devmap_analyze8liveness5testss_59either_spelling_of_an_ambiguous_call_downgrades_the_verdicts_0B7_
FN:485,_RNvNtNtCsfNTxUviIiZa_14devmap_analyze8liveness5tests10extraction
FN:501,_RNvNtNtCsfNTxUviIiZa_14devmap_analyze8liveness5tests12reports_with
FN:469,_RNvNtNtCsfNTxUviIiZa_14devmap_analyze8liveness5tests6symbol
FN:589,_RNvNtNtCsfNTxUviIiZa_14devmap_analyze8liveness5tests7reports
FN:511,_RNvNtNtCsfNTxUviIiZa_14devmap_analyze8liveness5tests9call_edge
FN:461,_RNvNtNtCsfNTxUviIiZa_14devmap_analyze8liveness5testss_32parent_dir_is_the_real_directory
FN:628,_RNvNtNtCsfNTxUviIiZa_14devmap_analyze8liveness5testss_45parse_error_overlap_is_half_open_at_both_ends
FN:530,_RNvNtNtCsfNTxUviIiZa_14devmap_analyze8liveness5testss_52either_spelling_of_a_call_target_marks_a_symbol_live
FN:605,_RNvNtNtCsfNTxUviIiZa_14devmap_analyze8liveness5testss_57underscore_private_symbols_are_skipped_and_others_are_not
FN:563,_RNvNtNtCsfNTxUviIiZa_14devmap_analyze8liveness5testss_59either_spelling_of_an_ambiguous_call_downgrades_the_verdict
FN:22,_RNvNtCsfNTxUviIiZa_14devmap_analyze8liveness10parent_dir
FN:27,_RNvNtCsfNTxUviIiZa_14devmap_analyze8liveness14go_package_key
FN:190,_RNvNtCsfNTxUviIiZa_14devmap_analyze8liveness16analyze_liveness
FN:75,_RNvNtCsfNTxUviIiZa_14devmap_analyze8liveness16is_c_header_path
FN:10,_RNvNtCsfNTxUviIiZa_14devmap_analyze8liveness20dead_symbol_identity
FN:65,_RNvNtCsfNTxUviIiZa_14devmap_analyze8liveness20is_c_family_language
FN:112,_RNvNtCsfNTxUviIiZa_14devmap_analyze8liveness23c_header_exported_names
FN:161,_RNvNtCsfNTxUviIiZa_14devmap_analyze8liveness27go_build_variant_identities
FN:44,_RNvNtCsfNTxUviIiZa_14devmap_analyze8liveness29go_interface_specs_by_package
FN:317,_RNCNCNvNtCsfNTxUviIiZa_14devmap_analyze8liveness16analyze_livenesss3_00B7_
FN:386,_RNCNCNvNtCsfNTxUviIiZa_14devmap_analyze8liveness16analyze_livenesss8_00B7_
FN:31,_RNCNvNtCsfNTxUviIiZa_14devmap_analyze8liveness14go_package_key0B5_
FN:276,_RNCNvNtCsfNTxUviIiZa_14devmap_analyze8liveness16analyze_liveness0B5_
FN:299,_RNCNvNtCsfNTxUviIiZa_14devmap_analyze8liveness16analyze_livenesss0_0B5_
FN:305,_RNCNvNtCsfNTxUviIiZa_14devmap_analyze8liveness16analyze_livenesss1_0B5_
FN:312,_RNCNvNtCsfNTxUviIiZa_14devmap_analyze8liveness16analyze_livenesss2_0B5_
FN:313,_RNCNvNtCsfNTxUviIiZa_14devmap_analyze8liveness16analyze_livenesss3_0B5_
FN:330,_RNCNvNtCsfNTxUviIiZa_14devmap_analyze8liveness16analyze_livenesss4_0B5_
FN:347,_RNCNvNtCsfNTxUviIiZa_14devmap_analyze8liveness16analyze_livenesss5_0B5_
FN:357,_RNCNvNtCsfNTxUviIiZa_14devmap_analyze8liveness16analyze_livenesss6_0B5_
FN:368,_RNCNvNtCsfNTxUviIiZa_14devmap_analyze8liveness16analyze_livenesss7_0B5_
FN:383,_RNCNvNtCsfNTxUviIiZa_14devmap_analyze8liveness16analyze_livenesss8_0B5_
FN:437,_RNCNvNtCsfNTxUviIiZa_14devmap_analyze8liveness16analyze_livenesss9_0B5_
FN:279,_RNCNvNtCsfNTxUviIiZa_14devmap_analyze8liveness16analyze_livenesss_0B5_
FN:438,_RNCNvNtCsfNTxUviIiZa_14devmap_analyze8liveness16analyze_livenesssa_0B5_
FN:79,_RNCNvNtCsfNTxUviIiZa_14devmap_analyze8liveness16is_c_header_path0B5_
FN:14,_RNCNvNtCsfNTxUviIiZa_14devmap_analyze8liveness20dead_symbol_identity0B5_
FN:16,_RNCNvNtCsfNTxUviIiZa_14devmap_analyze8liveness20dead_symbol_identitys_0B5_
FN:185,_RNCNvNtCsfNTxUviIiZa_14devmap_analyze8liveness27go_build_variant_identities0B5_
FNDA:3,_RNCNCNvNtCsdZaEAzaXlkg_14devmap_analyze8liveness16analyze_livenesss3_00B7_
FNDA:8,_RNCNCNvNtCsdZaEAzaXlkg_14devmap_analyze8liveness16analyze_livenesss8_00B7_
FNDA:101,_RNCNvNtCsdZaEAzaXlkg_14devmap_analyze8liveness14go_package_key0B5_
FNDA:34,_RNCNvNtCsdZaEAzaXlkg_14devmap_analyze8liveness16analyze_liveness0B5_
FNDA:29,_RNCNvNtCsdZaEAzaXlkg_14devmap_analyze8liveness16analyze_livenesss0_0B5_
FNDA:29,_RNCNvNtCsdZaEAzaXlkg_14devmap_analyze8liveness16analyze_livenesss1_0B5_
FNDA:31,_RNCNvNtCsdZaEAzaXlkg_14devmap_analyze8liveness16analyze_livenesss2_0B5_
FNDA:5,_RNCNvNtCsdZaEAzaXlkg_14devmap_analyze8liveness16analyze_livenesss3_0B5_
FNDA:5,_RNCNvNtCsdZaEAzaXlkg_14devmap_analyze8liveness16analyze_livenesss4_0B5_
FNDA:1,_RNCNvNtCsdZaEAzaXlkg_14devmap_analyze8liveness16analyze_livenesss5_0B5_
FNDA:31048,_RNCNvNtCsdZaEAzaXlkg_14devmap_analyze8liveness16analyze_livenesss6_0B5_
FNDA:31046,_RNCNvNtCsdZaEAzaXlkg_14devmap_analyze8liveness16analyze_livenesss7_0B5_
FNDA:31041,_RNCNvNtCsdZaEAzaXlkg_14devmap_analyze8liveness16analyze_livenesss8_0B5_
FNDA:38,_RNCNvNtCsdZaEAzaXlkg_14devmap_analyze8liveness16analyze_livenesss9_0B5_
FNDA:5,_RNCNvNtCsdZaEAzaXlkg_14devmap_analyze8liveness16analyze_livenesss_0B5_
FNDA:34,_RNCNvNtCsdZaEAzaXlkg_14devmap_analyze8liveness16analyze_livenesssa_0B5_
FNDA:368,_RNCNvNtCsdZaEAzaXlkg_14devmap_analyze8liveness16is_c_header_path0B5_
FNDA:26706,_RNCNvNtCsdZaEAzaXlkg_14devmap_analyze8liveness20dead_symbol_identity0B5_
FNDA:0,_RNCNvNtCsdZaEAzaXlkg_14devmap_analyze8liveness20dead_symbol_identitys_0B5_
FNDA:49,_RNCNvNtCsdZaEAzaXlkg_14devmap_analyze8liveness27go_build_variant_identities0B5_
FNDA:101,_RNvNtCsdZaEAzaXlkg_14devmap_analyze8liveness10parent_dir
FNDA:86173,_RNvNtCsdZaEAzaXlkg_14devmap_analyze8liveness14go_package_key
FNDA:326,_RNvNtCsdZaEAzaXlkg_14devmap_analyze8liveness16analyze_liveness
FNDA:78,_RNvNtCsdZaEAzaXlkg_14devmap_analyze8liveness16is_c_header_path
FNDA:26706,_RNvNtCsdZaEAzaXlkg_14devmap_analyze8liveness20dead_symbol_identity
FNDA:59762,_RNvNtCsdZaEAzaXlkg_14devmap_analyze8liveness20is_c_family_language
FNDA:326,_RNvNtCsdZaEAzaXlkg_14devmap_analyze8liveness23c_header_exported_names
FNDA:326,_RNvNtCsdZaEAzaXlkg_14devmap_analyze8liveness27go_build_variant_identities
FNDA:326,_RNvNtCsdZaEAzaXlkg_14devmap_analyze8liveness29go_interface_specs_by_package
FNDA:1,_RNCNvNtNtCsfNTxUviIiZa_14devmap_analyze8liveness5testss_45parse_error_overlap_is_half_open_at_both_ends0B7_
FNDA:1,_RNCNvNtNtCsfNTxUviIiZa_14devmap_analyze8liveness5testss_45parse_error_overlap_is_half_open_at_both_endss0_0B7_
FNDA:1,_RNCNvNtNtCsfNTxUviIiZa_14devmap_analyze8liveness5testss_45parse_error_overlap_is_half_open_at_both_endss_0B7_
FNDA:0,_RNCNvNtNtCsfNTxUviIiZa_14devmap_analyze8liveness5testss_52either_spelling_of_a_call_target_marks_a_symbol_live0B7_
FNDA:1,_RNCNvNtNtCsfNTxUviIiZa_14devmap_analyze8liveness5testss_52either_spelling_of_a_call_target_marks_a_symbol_lives_0B7_
FNDA:1,_RNCNvNtNtCsfNTxUviIiZa_14devmap_analyze8liveness5testss_57underscore_private_symbols_are_skipped_and_others_are_not0B7_
FNDA:1,_RNCNvNtNtCsfNTxUviIiZa_14devmap_analyze8liveness5testss_57underscore_private_symbols_are_skipped_and_others_are_nots_0B7_
FNDA:2,_RNCNvNtNtCsfNTxUviIiZa_14devmap_analyze8liveness5testss_59either_spelling_of_an_ambiguous_call_downgrades_the_verdict0B7_
FNDA:0,_RNCNvNtNtCsfNTxUviIiZa_14devmap_analyze8liveness5testss_59either_spelling_of_an_ambiguous_call_downgrades_the_verdicts_0B7_
FNDA:9,_RNvNtNtCsfNTxUviIiZa_14devmap_analyze8liveness5tests10extraction
FNDA:5,_RNvNtNtCsfNTxUviIiZa_14devmap_analyze8liveness5tests12reports_with
FNDA:10,_RNvNtNtCsfNTxUviIiZa_14devmap_analyze8liveness5tests6symbol
FNDA:4,_RNvNtNtCsfNTxUviIiZa_14devmap_analyze8liveness5tests7reports
FNDA:4,_RNvNtNtCsfNTxUviIiZa_14devmap_analyze8liveness5tests9call_edge
FNDA:1,_RNvNtNtCsfNTxUviIiZa_14devmap_analyze8liveness5testss_32parent_dir_is_the_real_directory
FNDA:1,_RNvNtNtCsfNTxUviIiZa_14devmap_analyze8liveness5testss_45parse_error_overlap_is_half_open_at_both_ends
FNDA:1,_RNvNtNtCsfNTxUviIiZa_14devmap_analyze8liveness5testss_52either_spelling_of_a_call_target_marks_a_symbol_live
FNDA:1,_RNvNtNtCsfNTxUviIiZa_14devmap_analyze8liveness5testss_57underscore_private_symbols_are_skipped_and_others_are_not
FNDA:1,_RNvNtNtCsfNTxUviIiZa_14devmap_analyze8liveness5testss_59either_spelling_of_an_ambiguous_call_downgrades_the_verdict
FNDA:5,_RNvNtCsfNTxUviIiZa_14devmap_analyze8liveness10parent_dir
FNDA:29,_RNvNtCsfNTxUviIiZa_14devmap_analyze8liveness14go_package_key
FNDA:9,_RNvNtCsfNTxUviIiZa_14devmap_analyze8liveness16analyze_liveness
FNDA:0,_RNvNtCsfNTxUviIiZa_14devmap_analyze8liveness16is_c_header_path
FNDA:7,_RNvNtCsfNTxUviIiZa_14devmap_analyze8liveness20dead_symbol_identity
FNDA:18,_RNvNtCsfNTxUviIiZa_14devmap_analyze8liveness20is_c_family_language
FNDA:9,_RNvNtCsfNTxUviIiZa_14devmap_analyze8liveness23c_header_exported_names
FNDA:9,_RNvNtCsfNTxUviIiZa_14devmap_analyze8liveness27go_build_variant_identities
FNDA:9,_RNvNtCsfNTxUviIiZa_14devmap_analyze8liveness29go_interface_specs_by_package
FNDA:0,_RNCNCNvNtCsfNTxUviIiZa_14devmap_analyze8liveness16analyze_livenesss3_00B7_
FNDA:0,_RNCNCNvNtCsfNTxUviIiZa_14devmap_analyze8liveness16analyze_livenesss8_00B7_
FNDA:0,_RNCNvNtCsfNTxUviIiZa_14devmap_analyze8liveness14go_package_key0B5_
FNDA:0,_RNCNvNtCsfNTxUviIiZa_14devmap_analyze8liveness16analyze_liveness0B5_
FNDA:0,_RNCNvNtCsfNTxUviIiZa_14devmap_analyze8liveness16analyze_livenesss0_0B5_
FNDA:0,_RNCNvNtCsfNTxUviIiZa_14devmap_analyze8liveness16analyze_livenesss1_0B5_
FNDA:0,_RNCNvNtCsfNTxUviIiZa_14devmap_analyze8liveness16analyze_livenesss2_0B5_
FNDA:0,_RNCNvNtCsfNTxUviIiZa_14devmap_analyze8liveness16analyze_livenesss3_0B5_
FNDA:0,_RNCNvNtCsfNTxUviIiZa_14devmap_analyze8liveness16analyze_livenesss4_0B5_
FNDA:3,_RNCNvNtCsfNTxUviIiZa_14devmap_analyze8liveness16analyze_livenesss5_0B5_
FNDA:9,_RNCNvNtCsfNTxUviIiZa_14devmap_analyze8liveness16analyze_livenesss6_0B5_
FNDA:9,_RNCNvNtCsfNTxUviIiZa_14devmap_analyze8liveness16analyze_livenesss7_0B5_
FNDA:9,_RNCNvNtCsfNTxUviIiZa_14devmap_analyze8liveness16analyze_livenesss8_0B5_
FNDA:0,_RNCNvNtCsfNTxUviIiZa_14devmap_analyze8liveness16analyze_livenesss9_0B5_
FNDA:0,_RNCNvNtCsfNTxUviIiZa_14devmap_analyze8liveness16analyze_livenesss_0B5_
FNDA:0,_RNCNvNtCsfNTxUviIiZa_14devmap_analyze8liveness16analyze_livenesssa_0B5_
FNDA:0,_RNCNvNtCsfNTxUviIiZa_14devmap_analyze8liveness16is_c_header_path0B5_
FNDA:7,_RNCNvNtCsfNTxUviIiZa_14devmap_analyze8liveness20dead_symbol_identity0B5_
FNDA:0,_RNCNvNtCsfNTxUviIiZa_14devmap_analyze8liveness20dead_symbol_identitys_0B5_
FNDA:0,_RNCNvNtCsfNTxUviIiZa_14devmap_analyze8liveness27go_build_variant_identities0B5_
FNF:48
FNH:45
DA:10,26713
DA:11,26713
DA:12,26713
DA:13,26713
DA:14,26713
DA:15,26713
DA:16,26713
DA:17,26713
DA:22,106
DA:23,106
DA:24,106
DA:27,86202
DA:28,86202
DA:29,86101
DA:30,101
DA:31,101
DA:32,101
DA:33,86202
DA:44,335
DA:45,335
DA:46,335
DA:47,335
DA:48,28725
DA:49,28725
DA:50,28694
DA:52,31
DA:53,28
DA:54,3
DA:55,3
DA:56,3
DA:57,3
DA:58,3
DA:60,335
DA:61,335
DA:65,59780
DA:66,59780
DA:67,59780
DA:75,78
DA:76,78
DA:77,78
DA:78,78
DA:79,368
DA:80,78
DA:112,335
DA:113,335
DA:114,28725
DA:115,28725
DA:116,28719
DA:117,6
DA:118,13
DA:119,13
DA:120,13
DA:121,13
DA:124,335
DA:125,335
DA:161,335
DA:163,335
DA:164,28725
DA:165,28725
DA:166,28694
DA:170,31
DA:171,86
DA:172,86
DA:173,31
DA:174,55
DA:175,55
DA:176,55
DA:177,0
DA:178,55
DA:179,55
DA:180,55
DA:181,55
DA:184,335
DA:185,335
DA:186,335
DA:187,335
DA:188,335
DA:190,335
DA:191,335
DA:192,335
DA:193,335
DA:194,335
DA:195,335
DA:196,335
DA:199,335
DA:200,335
DA:202,37788
DA:207,6643
DA:208,37788
DA:211,31145
DA:212,6643
DA:216,6609
DA:217,6643
DA:220,34
DA:221,34
DA:222,34
DA:244,34
DA:245,34
DA:246,34
DA:247,0
DA:248,34
DA:249,6609
DA:250,6609
DA:251,6609
DA:254,0
DA:255,6609
DA:256,6609
DA:257,6609
DA:258,6609
DA:259,6609
DA:262,335
DA:264,28725
DA:266,28725
DA:273,28725
DA:274,28725
DA:275,28725
DA:276,28725
DA:278,28725
DA:279,28723
DA:280,0
DA:281,5
DA:291,5
DA:297,28725
DA:298,28725
DA:299,28725
DA:300,0
DA:301,29
DA:304,29
DA:305,28725
DA:306,28725
DA:311,28725
DA:312,28725
DA:313,28725
DA:314,5
DA:315,5
DA:316,5
DA:317,5
DA:318,3
DA:319,3
DA:320,3
DA:321,3
DA:322,3
DA:323,5
DA:324,5
DA:325,28725
DA:327,28725
DA:328,2
DA:330,28723
DA:333,59803
DA:336,59803
DA:337,28717
DA:338,31086
DA:340,31086
DA:341,26658
DA:342,31086
DA:343,31086
DA:344,31059
DA:346,31086
DA:347,4
DA:348,4
DA:349,4
DA:350,31082
DA:353,31086
DA:354,31086
DA:355,31086
DA:356,31086
DA:357,31086
DA:358,31057
DA:359,31057
DA:360,31057
DA:361,31057
DA:368,31086
DA:369,31055
DA:370,40
DA:371,38
DA:372,31055
DA:373,31055
DA:383,31086
DA:384,31050
DA:385,27
DA:386,27
DA:387,8
DA:388,8
DA:389,8
DA:390,8
DA:391,8
DA:392,8
DA:393,27
DA:394,31050
DA:395,31050
DA:397,31086
DA:398,26650
DA:399,27
DA:400,20
DA:401,20
DA:402,14
DA:403,14
DA:404,14
DA:405,14
DA:406,14
DA:407,14
DA:408,14
DA:409,14
DA:410,14
DA:411,31072
DA:412,26636
DA:413,26602
DA:414,26596
DA:415,26556
DA:416,26554
DA:417,26554
DA:418,26554
DA:419,26554
DA:420,26554
DA:421,26554
DA:422,26554
DA:423,26554
DA:424,26554
DA:425,82
DA:426,82
DA:427,82
DA:432,82
DA:433,2
DA:435,80
DA:436,80
DA:437,80
DA:438,80
DA:441,4436
DA:445,335
DA:446,335
DA:461,1
DA:462,1
DA:463,1
DA:464,1
DA:466,1
DA:467,1
DA:469,10
DA:470,10
DA:471,10
DA:472,10
DA:473,10
DA:474,10
DA:475,10
DA:476,10
DA:477,10
DA:478,10
DA:479,10
DA:480,10
DA:481,10
DA:482,10
DA:483,10
DA:485,9
DA:486,9
DA:487,9
DA:488,9
DA:489,9
DA:490,3
DA:491,3
DA:492,3
DA:493,3
DA:494,3
DA:495,3
DA:496,6
DA:498,9
DA:499,9
DA:501,5
DA:502,5
DA:503,5
DA:504,5
DA:505,5
DA:506,5
DA:507,5
DA:508,5
DA:509,5
DA:511,4
DA:512,4
DA:513,4
DA:514,4
DA:515,4
DA:516,4
DA:517,4
DA:518,4
DA:519,4
DA:520,4
DA:521,4
DA:522,4
DA:530,1
DA:531,2
DA:532,2
DA:533,2
DA:534,2
DA:536,2
DA:537,2
DA:538,2
DA:545,1
DA:546,1
DA:547,1
DA:548,1
DA:549,1
DA:552,1
DA:563,1
DA:564,2
DA:565,2
DA:566,2
DA:567,2
DA:568,2
DA:569,2
DA:570,2
DA:571,2
DA:572,2
DA:573,2
DA:574,2
DA:575,2
DA:577,2
DA:578,2
DA:579,2
DA:580,2
DA:581,2
DA:582,2
DA:587,1
DA:589,4
DA:590,4
DA:591,4
DA:592,4
DA:593,4
DA:594,4
DA:595,4
DA:596,4
DA:597,4
DA:605,1
DA:606,1
DA:607,1
DA:608,1
DA:610,1
DA:611,1
DA:614,1
DA:615,1
DA:618,1
DA:628,1
DA:630,1
DA:631,1
DA:632,1
DA:633,1
DA:634,1
DA:639,1
DA:640,1
DA:641,1
DA:642,1
DA:643,1
DA:648,1
DA:649,1
DA:650,1
DA:651,1
DA:652,1
DA:655,1
BRF:0
BRH:0
LF:384
LH:376
end_of_record
SF:/Users/bharath/Code/devtools/DevCouncil/rust-port/crates/devmap-analyze/src/pdg.rs
FN:159,_RNvMNtCsdZaEAzaXlkg_14devmap_analyze3pdgNtB2_10PdgBuilder11add_control
FN:346,_RNvMNtCsdZaEAzaXlkg_14devmap_analyze3pdgNtB2_10PdgBuilder14add_data_edges
FN:203,_RNvMNtCsdZaEAzaXlkg_14devmap_analyze3pdgNtB2_10PdgBuilder14build_sequence
FN:168,_RNvMNtCsdZaEAzaXlkg_14devmap_analyze3pdgNtB2_10PdgBuilder18add_statement_node
FN:117,_RNvMNtCsdZaEAzaXlkg_14devmap_analyze3pdgNtB2_10PdgBuilder3new
FN:310,_RNvMNtCsdZaEAzaXlkg_14devmap_analyze3pdgNtB2_10PdgBuilder6finish
FN:456,_RNvNtCsdZaEAzaXlkg_14devmap_analyze3pdg17merge_definitions
FN:468,_RNvNtCsdZaEAzaXlkg_14devmap_analyze3pdg18build_function_pdg
FN:485,_RNvNtCsdZaEAzaXlkg_14devmap_analyze3pdg19validate_statements
FN:409,_RNCNCNCNvMNtCsdZaEAzaXlkg_14devmap_analyze3pdgNtB8_10PdgBuilder14add_data_edgess2_000Ba_
FN:406,_RNCNCNvMNtCsdZaEAzaXlkg_14devmap_analyze3pdgNtB6_10PdgBuilder14add_data_edgess2_00B8_
FN:351,_RNCNvMNtCsdZaEAzaXlkg_14devmap_analyze3pdgNtB4_10PdgBuilder14add_data_edges0B6_
FN:366,_RNCNvMNtCsdZaEAzaXlkg_14devmap_analyze3pdgNtB4_10PdgBuilder14add_data_edgess0_0B6_
FN:400,_RNCNvMNtCsdZaEAzaXlkg_14devmap_analyze3pdgNtB4_10PdgBuilder14add_data_edgess1_0B6_
FN:405,_RNCNvMNtCsdZaEAzaXlkg_14devmap_analyze3pdgNtB4_10PdgBuilder14add_data_edgess2_0B6_
FN:356,_RNCNvMNtCsdZaEAzaXlkg_14devmap_analyze3pdgNtB4_10PdgBuilder14add_data_edgess_0B6_
FN:322,_RNCNvMNtCsdZaEAzaXlkg_14devmap_analyze3pdgNtB4_10PdgBuilder6finish0B6_
FN:503,_RNCNvNtCsdZaEAzaXlkg_14devmap_analyze3pdg19validate_statements0B5_
FN:510,_RNCNvNtCsdZaEAzaXlkg_14devmap_analyze3pdg19validate_statementss_0B5_
FN:159,_RNvMNtCsfNTxUviIiZa_14devmap_analyze3pdgNtB2_10PdgBuilder11add_control
FN:346,_RNvMNtCsfNTxUviIiZa_14devmap_analyze3pdgNtB2_10PdgBuilder14add_data_edges
FN:203,_RNvMNtCsfNTxUviIiZa_14devmap_analyze3pdgNtB2_10PdgBuilder14build_sequence
FN:168,_RNvMNtCsfNTxUviIiZa_14devmap_analyze3pdgNtB2_10PdgBuilder18add_statement_node
FN:117,_RNvMNtCsfNTxUviIiZa_14devmap_analyze3pdgNtB2_10PdgBuilder3new
FN:310,_RNvMNtCsfNTxUviIiZa_14devmap_analyze3pdgNtB2_10PdgBuilder6finish
FN:456,_RNvNtCsfNTxUviIiZa_14devmap_analyze3pdg17merge_definitions
FN:468,_RNvNtCsfNTxUviIiZa_14devmap_analyze3pdg18build_function_pdg
FN:485,_RNvNtCsfNTxUviIiZa_14devmap_analyze3pdg19validate_statements
FN:564,_RNvNtNtCsfNTxUviIiZa_14devmap_analyze3pdg5tests7node_at
FN:546,_RNvNtNtCsfNTxUviIiZa_14devmap_analyze3pdg5tests9statement
FN:576,_RNvNtNtCsfNTxUviIiZa_14devmap_analyze3pdg5testss_43cfg_threads_branch_loop_try_and_terminators
FN:709,_RNvNtNtCsfNTxUviIiZa_14devmap_analyze3pdg5testss_46invalid_ranges_and_non_exact_sinks_fail_closed
FN:658,_RNvNtNtCsfNTxUviIiZa_14devmap_analyze3pdg5testss_60reaching_definitions_keep_loop_carried_edges_and_exact_taint
FN:567,_RNCNvNtNtCsfNTxUviIiZa_14devmap_analyze3pdg5tests7node_at0B7_
FN:572,_RNCNvNtNtCsfNTxUviIiZa_14devmap_analyze3pdg5tests7node_ats0_0B7_
FN:571,_RNCNvNtNtCsfNTxUviIiZa_14devmap_analyze3pdg5tests7node_ats_0B7_
FN:556,_RNCNvNtNtCsfNTxUviIiZa_14devmap_analyze3pdg5tests9statement0B7_
FN:558,_RNCNvNtNtCsfNTxUviIiZa_14devmap_analyze3pdg5tests9statements_0B7_
FN:630,_RNCNvNtNtCsfNTxUviIiZa_14devmap_analyze3pdg5testss_43cfg_threads_branch_loop_try_and_terminators0B7_
FN:643,_RNCNvNtNtCsfNTxUviIiZa_14devmap_analyze3pdg5testss_43cfg_threads_branch_loop_try_and_terminatorss0_0B7_
FN:650,_RNCNvNtNtCsfNTxUviIiZa_14devmap_analyze3pdg5testss_43cfg_threads_branch_loop_try_and_terminatorss1_0B7_
FN:635,_RNCNvNtNtCsfNTxUviIiZa_14devmap_analyze3pdg5testss_43cfg_threads_branch_loop_try_and_terminatorss_0B7_
FN:689,_RNCNvNtNtCsfNTxUviIiZa_14devmap_analyze3pdg5testss_60reaching_definitions_keep_loop_carried_edges_and_exact_taint0B7_
FN:701,_RNCNvNtNtCsfNTxUviIiZa_14devmap_analyze3pdg5testss_60reaching_definitions_keep_loop_carried_edges_and_exact_taints0_0B7_
FN:696,_RNCNvNtNtCsfNTxUviIiZa_14devmap_analyze3pdg5testss_60reaching_definitions_keep_loop_carried_edges_and_exact_taints_0B7_
FN:409,_RNCNCNCNvMNtCsfNTxUviIiZa_14devmap_analyze3pdgNtB8_10PdgBuilder14add_data_edgess2_000Ba_
FN:406,_RNCNCNvMNtCsfNTxUviIiZa_14devmap_analyze3pdgNtB6_10PdgBuilder14add_data_edgess2_00B8_
FN:351,_RNCNvMNtCsfNTxUviIiZa_14devmap_analyze3pdgNtB4_10PdgBuilder14add_data_edges0B6_
FN:366,_RNCNvMNtCsfNTxUviIiZa_14devmap_analyze3pdgNtB4_10PdgBuilder14add_data_edgess0_0B6_
FN:400,_RNCNvMNtCsfNTxUviIiZa_14devmap_analyze3pdgNtB4_10PdgBuilder14add_data_edgess1_0B6_
FN:405,_RNCNvMNtCsfNTxUviIiZa_14devmap_analyze3pdgNtB4_10PdgBuilder14add_data_edgess2_0B6_
FN:356,_RNCNvMNtCsfNTxUviIiZa_14devmap_analyze3pdgNtB4_10PdgBuilder14add_data_edgess_0B6_
FN:322,_RNCNvMNtCsfNTxUviIiZa_14devmap_analyze3pdgNtB4_10PdgBuilder6finish0B6_
FN:503,_RNCNvNtCsfNTxUviIiZa_14devmap_analyze3pdg19validate_statements0B5_
FN:510,_RNCNvNtCsfNTxUviIiZa_14devmap_analyze3pdg19validate_statementss_0B5_
FNDA:0,_RNvMNtCsdZaEAzaXlkg_14devmap_analyze3pdgNtB2_10PdgBuilder11add_control
FNDA:0,_RNvMNtCsdZaEAzaXlkg_14devmap_analyze3pdgNtB2_10PdgBuilder14add_data_edges
FNDA:0,_RNvMNtCsdZaEAzaXlkg_14devmap_analyze3pdgNtB2_10PdgBuilder14build_sequence
FNDA:0,_RNvMNtCsdZaEAzaXlkg_14devmap_analyze3pdgNtB2_10PdgBuilder18add_statement_node
FNDA:0,_RNvMNtCsdZaEAzaXlkg_14devmap_analyze3pdgNtB2_10PdgBuilder3new
FNDA:0,_RNvMNtCsdZaEAzaXlkg_14devmap_analyze3pdgNtB2_10PdgBuilder6finish
FNDA:0,_RNvNtCsdZaEAzaXlkg_14devmap_analyze3pdg17merge_definitions
FNDA:0,_RNvNtCsdZaEAzaXlkg_14devmap_analyze3pdg18build_function_pdg
FNDA:0,_RNvNtCsdZaEAzaXlkg_14devmap_analyze3pdg19validate_statements
FNDA:0,_RNCNCNCNvMNtCsdZaEAzaXlkg_14devmap_analyze3pdgNtB8_10PdgBuilder14add_data_edgess2_000Ba_
FNDA:0,_RNCNCNvMNtCsdZaEAzaXlkg_14devmap_analyze3pdgNtB6_10PdgBuilder14add_data_edgess2_00B8_
FNDA:0,_RNCNvMNtCsdZaEAzaXlkg_14devmap_analyze3pdgNtB4_10PdgBuilder14add_data_edges0B6_
FNDA:0,_RNCNvMNtCsdZaEAzaXlkg_14devmap_analyze3pdgNtB4_10PdgBuilder14add_data_edgess0_0B6_
FNDA:0,_RNCNvMNtCsdZaEAzaXlkg_14devmap_analyze3pdgNtB4_10PdgBuilder14add_data_edgess1_0B6_
FNDA:0,_RNCNvMNtCsdZaEAzaXlkg_14devmap_analyze3pdgNtB4_10PdgBuilder14add_data_edgess2_0B6_
FNDA:0,_RNCNvMNtCsdZaEAzaXlkg_14devmap_analyze3pdgNtB4_10PdgBuilder14add_data_edgess_0B6_
FNDA:0,_RNCNvMNtCsdZaEAzaXlkg_14devmap_analyze3pdgNtB4_10PdgBuilder6finish0B6_
FNDA:0,_RNCNvNtCsdZaEAzaXlkg_14devmap_analyze3pdg19validate_statements0B5_
FNDA:0,_RNCNvNtCsdZaEAzaXlkg_14devmap_analyze3pdg19validate_statementss_0B5_
FNDA:20,_RNvMNtCsfNTxUviIiZa_14devmap_analyze3pdgNtB2_10PdgBuilder11add_control
FNDA:2,_RNvMNtCsfNTxUviIiZa_14devmap_analyze3pdgNtB2_10PdgBuilder14add_data_edges
FNDA:9,_RNvMNtCsfNTxUviIiZa_14devmap_analyze3pdgNtB2_10PdgBuilder14build_sequence
FNDA:14,_RNvMNtCsfNTxUviIiZa_14devmap_analyze3pdgNtB2_10PdgBuilder18add_statement_node
FNDA:2,_RNvMNtCsfNTxUviIiZa_14devmap_analyze3pdgNtB2_10PdgBuilder3new
FNDA:2,_RNvMNtCsfNTxUviIiZa_14devmap_analyze3pdgNtB2_10PdgBuilder6finish
FNDA:60,_RNvNtCsfNTxUviIiZa_14devmap_analyze3pdg17merge_definitions
FNDA:3,_RNvNtCsfNTxUviIiZa_14devmap_analyze3pdg18build_function_pdg
FNDA:10,_RNvNtCsfNTxUviIiZa_14devmap_analyze3pdg19validate_statements
FNDA:9,_RNvNtNtCsfNTxUviIiZa_14devmap_analyze3pdg5tests7node_at
FNDA:15,_RNvNtNtCsfNTxUviIiZa_14devmap_analyze3pdg5tests9statement
FNDA:1,_RNvNtNtCsfNTxUviIiZa_14devmap_analyze3pdg5testss_43cfg_threads_branch_loop_try_and_terminators
FNDA:1,_RNvNtNtCsfNTxUviIiZa_14devmap_analyze3pdg5testss_46invalid_ranges_and_non_exact_sinks_fail_closed
FNDA:1,_RNvNtNtCsfNTxUviIiZa_14devmap_analyze3pdg5testss_60reaching_definitions_keep_loop_carried_edges_and_exact_taint
FNDA:47,_RNCNvNtNtCsfNTxUviIiZa_14devmap_analyze3pdg5tests7node_at0B7_
FNDA:0,_RNCNvNtNtCsfNTxUviIiZa_14devmap_analyze3pdg5tests7node_ats0_0B7_
FNDA:9,_RNCNvNtNtCsfNTxUviIiZa_14devmap_analyze3pdg5tests7node_ats_0B7_
FNDA:5,_RNCNvNtNtCsfNTxUviIiZa_14devmap_analyze3pdg5tests9statement0B7_
FNDA:14,_RNCNvNtNtCsfNTxUviIiZa_14devmap_analyze3pdg5tests9statements_0B7_
FNDA:55,_RNCNvNtNtCsfNTxUviIiZa_14devmap_analyze3pdg5testss_43cfg_threads_branch_loop_try_and_terminators0B7_
FNDA:47,_RNCNvNtNtCsfNTxUviIiZa_14devmap_analyze3pdg5testss_43cfg_threads_branch_loop_try_and_terminatorss0_0B7_
FNDA:26,_RNCNvNtNtCsfNTxUviIiZa_14devmap_analyze3pdg5testss_43cfg_threads_branch_loop_try_and_terminatorss1_0B7_
FNDA:17,_RNCNvNtNtCsfNTxUviIiZa_14devmap_analyze3pdg5testss_43cfg_threads_branch_loop_try_and_terminatorss_0B7_
FNDA:9,_RNCNvNtNtCsfNTxUviIiZa_14devmap_analyze3pdg5testss_60reaching_definitions_keep_loop_carried_edges_and_exact_taint0B7_
FNDA:16,_RNCNvNtNtCsfNTxUviIiZa_14devmap_analyze3pdg5testss_60reaching_definitions_keep_loop_carried_edges_and_exact_taints0_0B7_
FNDA:5,_RNCNvNtNtCsfNTxUviIiZa_14devmap_analyze3pdg5testss_60reaching_definitions_keep_loop_carried_edges_and_exact_taints_0B7_
FNDA:24,_RNCNCNCNvMNtCsfNTxUviIiZa_14devmap_analyze3pdgNtB8_10PdgBuilder14add_data_edgess2_000Ba_
FNDA:24,_RNCNCNvMNtCsfNTxUviIiZa_14devmap_analyze3pdgNtB6_10PdgBuilder14add_data_edgess2_00B8_
FNDA:18,_RNCNvMNtCsfNTxUviIiZa_14devmap_analyze3pdgNtB4_10PdgBuilder14add_data_edges0B6_
FNDA:18,_RNCNvMNtCsfNTxUviIiZa_14devmap_analyze3pdgNtB4_10PdgBuilder14add_data_edgess0_0B6_
FNDA:3,_RNCNvMNtCsfNTxUviIiZa_14devmap_analyze3pdgNtB4_10PdgBuilder14add_data_edgess1_0B6_
FNDA:24,_RNCNvMNtCsfNTxUviIiZa_14devmap_analyze3pdgNtB4_10PdgBuilder14add_data_edgess2_0B6_
FNDA:20,_RNCNvMNtCsfNTxUviIiZa_14devmap_analyze3pdgNtB4_10PdgBuilder14add_data_edgess_0B6_
FNDA:178,_RNCNvMNtCsfNTxUviIiZa_14devmap_analyze3pdgNtB4_10PdgBuilder6finish0B6_
FNDA:19,_RNCNvNtCsfNTxUviIiZa_14devmap_analyze3pdg19validate_statements0B5_
FNDA:1,_RNCNvNtCsfNTxUviIiZa_14devmap_analyze3pdg19validate_statementss_0B5_
FNF:36
FNH:35
DA:117,2
DA:118,2
DA:119,2
DA:120,2
DA:121,2
DA:122,2
DA:123,2
DA:124,2
DA:125,2
DA:126,2
DA:127,2
DA:128,2
DA:129,2
DA:130,2
DA:131,2
DA:132,2
DA:133,2
DA:134,2
DA:135,2
DA:136,2
DA:137,2
DA:139,2
DA:140,2
DA:141,2
DA:142,2
DA:143,2
DA:144,2
DA:145,2
DA:146,2
DA:147,2
DA:149,2
DA:150,2
DA:151,2
DA:152,2
DA:153,2
DA:154,2
DA:156,2
DA:157,2
DA:159,20
DA:160,20
DA:161,20
DA:162,20
DA:163,20
DA:164,20
DA:165,20
DA:166,20
DA:168,14
DA:169,14
DA:170,7
DA:171,1
DA:172,2
DA:173,1
DA:174,2
DA:175,1
DA:177,14
DA:181,14
DA:182,14
DA:183,14
DA:184,14
DA:185,14
DA:186,14
DA:187,14
DA:188,14
DA:189,14
DA:190,14
DA:192,14
DA:193,14
DA:194,14
DA:195,14
DA:196,14
DA:197,14
DA:198,14
DA:200,14
DA:201,14
DA:203,9
DA:204,9
DA:205,9
DA:206,9
DA:207,9
DA:208,14
DA:209,14
DA:210,0
DA:211,14
DA:212,14
DA:213,15
DA:214,15
DA:215,15
DA:216,14
DA:217,7
DA:218,7
DA:219,7
DA:220,7
DA:222,3
DA:223,3
DA:226,1
DA:227,1
DA:229,1
DA:230,0
DA:231,0
DA:232,0
DA:233,0
DA:235,1
DA:236,1
DA:237,1
DA:238,1
DA:239,1
DA:240,1
DA:243,1
DA:244,0
DA:245,0
DA:246,0
DA:247,0
DA:249,1
DA:250,1
DA:251,1
DA:252,1
DA:253,1
DA:254,1
DA:257,1
DA:259,2
DA:260,2
DA:261,2
DA:262,2
DA:263,2
DA:264,2
DA:265,2
DA:267,2
DA:268,2
DA:269,2
DA:270,2
DA:271,2
DA:272,2
DA:273,2
DA:276,1
DA:277,1
DA:278,1
DA:280,1
DA:281,1
DA:282,1
DA:283,1
DA:284,1
DA:285,1
DA:287,1
DA:288,1
DA:289,1
DA:290,1
DA:291,1
DA:292,1
DA:293,1
DA:294,1
DA:295,1
DA:296,1
DA:297,0
DA:299,1
DA:300,1
DA:301,1
DA:302,1
DA:307,9
DA:308,9
DA:310,2
DA:311,2
DA:312,2
DA:313,2
DA:314,2
DA:315,2
DA:316,2
DA:318,2
DA:319,0
DA:320,0
DA:321,2
DA:322,178
DA:323,178
DA:324,178
DA:325,178
DA:326,178
DA:327,178
DA:328,178
DA:329,178
DA:330,178
DA:331,178
DA:332,178
DA:333,178
DA:334,178
DA:335,178
DA:336,2
DA:337,2
DA:338,2
DA:339,2
DA:340,2
DA:341,2
DA:342,2
DA:343,2
DA:344,2
DA:346,2
DA:348,2
DA:349,2
DA:350,2
DA:351,18
DA:352,2
DA:353,20
DA:354,2
DA:355,2
DA:356,20
DA:357,20
DA:358,20
DA:359,20
DA:360,20
DA:361,20
DA:362,20
DA:363,2
DA:364,2
DA:365,2
DA:366,18
DA:367,2
DA:368,2
DA:370,6
DA:371,54
DA:372,54
DA:373,60
DA:374,60
DA:375,60
DA:376,54
DA:377,54
DA:378,48
DA:379,24
DA:380,24
DA:381,24
DA:382,24
DA:383,24
DA:384,6
DA:385,54
DA:386,33
DA:387,33
DA:388,33
DA:389,33
DA:391,6
DA:392,2
DA:393,4
DA:396,2
DA:397,2
DA:398,2
DA:399,2
DA:400,3
DA:401,2
DA:403,4
DA:404,32
DA:405,32
DA:406,24
DA:407,24
DA:408,24
DA:409,24
DA:410,24
DA:411,24
DA:412,32
DA:413,24
DA:414,8
DA:415,8
DA:416,8
DA:418,4
DA:419,2
DA:420,2
DA:423,2
DA:424,16
DA:425,16
DA:426,26
DA:427,26
DA:428,26
DA:429,26
DA:430,26
DA:431,5
DA:433,21
DA:435,26
DA:439,16
DA:440,2
DA:441,2
DA:442,2
DA:443,2
DA:444,2
DA:445,2
DA:446,2
DA:447,2
DA:448,2
DA:452,2
DA:453,2
DA:456,60
DA:457,60
DA:458,60
DA:459,60
DA:460,95
DA:461,95
DA:462,95
DA:463,95
DA:464,95
DA:465,95
DA:466,60
DA:468,3
DA:469,3
DA:470,0
DA:471,3
DA:472,3
DA:473,0
DA:474,3
DA:475,3
DA:476,3
DA:477,3
DA:478,0
DA:479,3
DA:481,3
DA:482,2
DA:483,3
DA:485,10
DA:486,10
DA:487,10
DA:488,10
DA:489,10
DA:490,15
DA:491,15
DA:492,1
DA:496,14
DA:497,14
DA:498,14
DA:499,14
DA:500,14
DA:501,14
DA:502,14
DA:503,19
DA:505,0
DA:506,14
DA:507,14
DA:508,14
DA:509,14
DA:510,14
DA:512,0
DA:513,14
DA:514,14
DA:516,1
DA:517,1
DA:519,1
DA:520,1
DA:522,2
DA:523,2
DA:526,1
DA:527,1
DA:528,1
DA:530,1
DA:531,1
DA:532,1
DA:534,1
DA:536,10
DA:539,9
DA:540,10
DA:546,15
DA:547,15
DA:548,15
DA:549,15
DA:550,15
DA:551,15
DA:553,15
DA:554,15
DA:555,15
DA:556,15
DA:557,15
DA:558,15
DA:559,15
DA:560,15
DA:562,15
DA:564,9
DA:565,9
DA:566,9
DA:567,47
DA:568,47
DA:569,9
DA:570,47
DA:571,9
DA:572,9
DA:573,9
DA:576,1
DA:577,1
DA:578,1
DA:579,1
DA:580,1
DA:581,1
DA:582,1
DA:583,1
DA:584,1
DA:585,1
DA:586,1
DA:587,1
DA:588,1
DA:589,1
DA:590,1
DA:591,1
DA:592,1
DA:593,1
DA:594,1
DA:595,1
DA:596,1
DA:597,1
DA:598,1
DA:599,1
DA:600,1
DA:601,1
DA:602,1
DA:603,1
DA:604,1
DA:605,1
DA:606,1
DA:607,1
DA:608,1
DA:609,1
DA:610,1
DA:611,1
DA:612,1
DA:613,1
DA:614,1
DA:615,1
DA:616,1
DA:617,1
DA:618,1
DA:619,1
DA:620,1
DA:621,1
DA:622,1
DA:623,1
DA:624,1
DA:625,1
DA:626,1
DA:627,1
DA:628,10
DA:629,10
DA:630,55
DA:631,0
DA:633,1
DA:634,1
DA:635,17
DA:636,17
DA:637,1
DA:638,1
DA:639,17
DA:640,1
DA:641,2
DA:642,2
DA:643,47
DA:644,47
DA:645,3
DA:646,2
DA:647,47
DA:649,1
DA:650,26
DA:651,26
DA:652,1
DA:653,1
DA:654,26
DA:655,1
DA:658,1
DA:659,1
DA:660,1
DA:661,1
DA:662,1
DA:663,1
DA:664,1
DA:665,1
DA:666,1
DA:667,1
DA:668,1
DA:669,1
DA:670,1
DA:671,1
DA:672,1
DA:673,1
DA:674,1
DA:675,1
DA:676,1
DA:677,1
DA:678,1
DA:679,1
DA:680,1
DA:681,1
DA:682,1
DA:683,1
DA:684,1
DA:685,1
DA:686,1
DA:687,1
DA:688,1
DA:689,9
DA:690,9
DA:691,2
DA:692,2
DA:693,1
DA:694,9
DA:695,1
DA:696,5
DA:697,5
DA:698,2
DA:699,1
DA:700,5
DA:701,16
DA:702,16
DA:703,6
DA:704,2
DA:705,16
DA:706,1
DA:709,1
DA:710,1
DA:711,1
DA:712,1
DA:713,1
DA:714,1
DA:715,1
DA:716,1
DA:717,1
DA:718,1
DA:719,1
DA:720,1
DA:721,1
DA:722,1
BRF:0
BRH:0
LF:539
LH:520
end_of_record
SF:/Users/bharath/Code/devtools/DevCouncil/rust-port/crates/devmap-analyze/src/traversal.rs
FN:84,_RNCNCNvNtCsdZaEAzaXlkg_14devmap_analyze9traversal14traverse_graph00B7_
FN:93,_RNCNCNvNtCsdZaEAzaXlkg_14devmap_analyze9traversal14traverse_graph0s0_0B7_
FN:94,_RNCNCNvNtCsdZaEAzaXlkg_14devmap_analyze9traversal14traverse_graph0s1_0B7_
FN:95,_RNCNCNvNtCsdZaEAzaXlkg_14devmap_analyze9traversal14traverse_graph0s2_0B7_
FN:92,_RNCNCNvNtCsdZaEAzaXlkg_14devmap_analyze9traversal14traverse_graph0s_0B7_
FN:83,_RNCNvNtCsdZaEAzaXlkg_14devmap_analyze9traversal14traverse_graph0B5_
FN:165,_RNvNtCsdZaEAzaXlkg_14devmap_analyze9traversal14is_symbol_node
FN:44,_RNvNtCsdZaEAzaXlkg_14devmap_analyze9traversal14traverse_graph
FN:28,_RNvXNtCsdZaEAzaXlkg_14devmap_analyze9traversalNtB2_16TraversalOptionsNtNtCs6sq8b9ugfBC_4core7default7Default7default
FN:165,_RNvNtCsfNTxUviIiZa_14devmap_analyze9traversal14is_symbol_node
FN:44,_RNvNtCsfNTxUviIiZa_14devmap_analyze9traversal14traverse_graph
FN:370,_RNCNvNtNtCsfNTxUviIiZa_14devmap_analyze9traversal5testss_42traversal_respects_its_depth_and_node_caps0B7_
FN:323,_RNCNvNtNtCsfNTxUviIiZa_14devmap_analyze9traversal5testss_57neighbours_are_recorded_in_containment_then_call_priority0B7_
FN:226,_RNvNtNtCsfNTxUviIiZa_14devmap_analyze9traversal5tests4edge
FN:339,_RNvNtNtCsfNTxUviIiZa_14devmap_analyze9traversal5testss_39recorded_edges_stay_within_their_budget
FN:368,_RNvNtNtCsfNTxUviIiZa_14devmap_analyze9traversal5testss_42traversal_respects_its_depth_and_node_caps
FN:208,_RNvNtNtCsfNTxUviIiZa_14devmap_analyze9traversal5testss_46symbol_nodes_are_distinguished_from_file_nodes
FN:301,_RNvNtNtCsfNTxUviIiZa_14devmap_analyze9traversal5testss_57neighbours_are_recorded_in_containment_then_call_priority
FN:247,_RNvNtNtCsfNTxUviIiZa_14devmap_analyze9traversal5testss_61reverse_impact_from_a_symbol_does_not_follow_package_topology
FN:84,_RNCNCNvNtCsfNTxUviIiZa_14devmap_analyze9traversal14traverse_graph00B7_
FN:93,_RNCNCNvNtCsfNTxUviIiZa_14devmap_analyze9traversal14traverse_graph0s0_0B7_
FN:94,_RNCNCNvNtCsfNTxUviIiZa_14devmap_analyze9traversal14traverse_graph0s1_0B7_
FN:95,_RNCNCNvNtCsfNTxUviIiZa_14devmap_analyze9traversal14traverse_graph0s2_0B7_
FN:92,_RNCNCNvNtCsfNTxUviIiZa_14devmap_analyze9traversal14traverse_graph0s_0B7_
FN:83,_RNCNvNtCsfNTxUviIiZa_14devmap_analyze9traversal14traverse_graph0B5_
FN:28,_RNvXNtCsfNTxUviIiZa_14devmap_analyze9traversalNtB2_16TraversalOptionsNtNtCs6sq8b9ugfBC_4core7default7Default7default
FNDA:204,_RNCNCNvNtCsdZaEAzaXlkg_14devmap_analyze9traversal14traverse_graph00B7_
FNDA:99,_RNCNCNvNtCsdZaEAzaXlkg_14devmap_analyze9traversal14traverse_graph0s0_0B7_
FNDA:0,_RNCNCNvNtCsdZaEAzaXlkg_14devmap_analyze9traversal14traverse_graph0s1_0B7_
FNDA:0,_RNCNCNvNtCsdZaEAzaXlkg_14devmap_analyze9traversal14traverse_graph0s2_0B7_
FNDA:99,_RNCNCNvNtCsdZaEAzaXlkg_14devmap_analyze9traversal14traverse_graph0s_0B7_
FNDA:102,_RNCNvNtCsdZaEAzaXlkg_14devmap_analyze9traversal14traverse_graph0B5_
FNDA:10,_RNvNtCsdZaEAzaXlkg_14devmap_analyze9traversal14is_symbol_node
FNDA:12,_RNvNtCsdZaEAzaXlkg_14devmap_analyze9traversal14traverse_graph
FNDA:0,_RNvXNtCsdZaEAzaXlkg_14devmap_analyze9traversalNtB2_16TraversalOptionsNtNtCs6sq8b9ugfBC_4core7default7Default7default
FNDA:12,_RNvNtCsfNTxUviIiZa_14devmap_analyze9traversal14is_symbol_node
FNDA:6,_RNvNtCsfNTxUviIiZa_14devmap_analyze9traversal14traverse_graph
FNDA:10,_RNCNvNtNtCsfNTxUviIiZa_14devmap_analyze9traversal5testss_42traversal_respects_its_depth_and_node_caps0B7_
FNDA:3,_RNCNvNtNtCsfNTxUviIiZa_14devmap_analyze9traversal5testss_57neighbours_are_recorded_in_containment_then_call_priority0B7_
FNDA:23,_RNvNtNtCsfNTxUviIiZa_14devmap_analyze9traversal5tests4edge
FNDA:1,_RNvNtNtCsfNTxUviIiZa_14devmap_analyze9traversal5testss_39recorded_edges_stay_within_their_budget
FNDA:1,_RNvNtNtCsfNTxUviIiZa_14devmap_analyze9traversal5testss_42traversal_respects_its_depth_and_node_caps
FNDA:1,_RNvNtNtCsfNTxUviIiZa_14devmap_analyze9traversal5testss_46symbol_nodes_are_distinguished_from_file_nodes
FNDA:1,_RNvNtNtCsfNTxUviIiZa_14devmap_analyze9traversal5testss_57neighbours_are_recorded_in_containment_then_call_priority
FNDA:1,_RNvNtNtCsfNTxUviIiZa_14devmap_analyze9traversal5testss_61reverse_impact_from_a_symbol_does_not_follow_package_topology
FNDA:22,_RNCNCNvNtCsfNTxUviIiZa_14devmap_analyze9traversal14traverse_graph00B7_
FNDA:5,_RNCNCNvNtCsfNTxUviIiZa_14devmap_analyze9traversal14traverse_graph0s0_0B7_
FNDA:2,_RNCNCNvNtCsfNTxUviIiZa_14devmap_analyze9traversal14traverse_graph0s1_0B7_
FNDA:2,_RNCNCNvNtCsfNTxUviIiZa_14devmap_analyze9traversal14traverse_graph0s2_0B7_
FNDA:6,_RNCNCNvNtCsfNTxUviIiZa_14devmap_analyze9traversal14traverse_graph0s_0B7_
FNDA:11,_RNCNvNtCsfNTxUviIiZa_14devmap_analyze9traversal14traverse_graph0B5_
FNDA:0,_RNvXNtCsfNTxUviIiZa_14devmap_analyze9traversalNtB2_16TraversalOptionsNtNtCs6sq8b9ugfBC_4core7default7Default7default
FNF:17
FNH:16
DA:28,0
DA:29,0
DA:30,0
DA:31,0
DA:32,0
DA:33,0
DA:34,0
DA:44,18
DA:45,18
DA:46,18
DA:47,18
DA:48,18
DA:49,18
DA:50,84
DA:51,84
DA:52,25
DA:54,59
DA:56,84
DA:59,18
DA:60,18
DA:61,18
DA:62,18
DA:63,18
DA:65,23
DA:66,23
DA:67,20
DA:68,20
DA:71,67
DA:72,49
DA:73,0
DA:74,49
DA:75,49
DA:76,49
DA:77,12
DA:78,37
DA:80,37
DA:82,30
DA:83,113
DA:84,226
DA:86,5
DA:87,206
DA:88,15
DA:89,226
DA:90,113
DA:91,113
DA:92,113
DA:93,113
DA:94,113
DA:95,113
DA:96,113
DA:98,61
DA:106,61
DA:107,14
DA:108,20
DA:113,6
DA:114,55
DA:119,55
DA:120,14
DA:121,3
DA:122,5
DA:127,2
DA:128,53
DA:129,53
DA:130,12
DA:132,41
DA:135,53
DA:136,18
DA:137,35
DA:139,35
DA:140,35
DA:141,35
DA:142,35
DA:143,35
DA:144,35
DA:145,35
DA:146,35
DA:147,31
DA:148,31
DA:150,35
DA:151,29
DA:152,29
DA:153,29
DA:155,7
DA:158,18
DA:159,18
DA:160,18
DA:161,18
DA:162,18
DA:163,18
DA:165,22
DA:166,22
DA:167,15
DA:168,7
DA:169,5
DA:170,3
DA:171,4
DA:172,4
DA:173,1
DA:174,1
DA:175,1
DA:176,1
DA:177,1
DA:178,1
DA:179,1
DA:180,1
DA:181,1
DA:182,1
DA:183,1
DA:184,1
DA:185,1
DA:186,1
DA:187,1
DA:188,1
DA:189,1
DA:191,22
DA:208,1
DA:210,1
DA:211,1
DA:214,1
DA:217,1
DA:218,1
DA:219,1
DA:220,1
DA:223,1
DA:224,1
DA:226,23
DA:227,23
DA:228,23
DA:229,23
DA:230,23
DA:231,23
DA:232,23
DA:233,23
DA:234,23
DA:235,23
DA:236,23
DA:237,23
DA:247,1
DA:248,1
DA:250,1
DA:252,1
DA:253,1
DA:255,1
DA:256,1
DA:257,1
DA:258,1
DA:259,1
DA:260,1
DA:262,1
DA:263,1
DA:267,1
DA:268,1
DA:272,1
DA:273,1
DA:280,1
DA:281,1
DA:282,1
DA:283,1
DA:285,1
DA:286,1
DA:290,1
DA:301,1
DA:306,1
DA:307,1
DA:308,1
DA:309,1
DA:311,1
DA:312,1
DA:313,1
DA:314,1
DA:315,1
DA:316,1
DA:317,1
DA:318,1
DA:320,1
DA:321,1
DA:322,1
DA:323,3
DA:324,1
DA:325,1
DA:327,1
DA:331,1
DA:339,1
DA:344,1
DA:345,3
DA:346,3
DA:347,3
DA:348,3
DA:349,1
DA:350,1
DA:351,1
DA:352,1
DA:353,1
DA:354,1
DA:355,1
DA:356,1
DA:358,1
DA:359,1
DA:364,1
DA:368,1
DA:369,1
DA:370,10
DA:371,10
DA:372,10
DA:373,10
DA:374,10
DA:376,10
DA:377,1
DA:379,1
DA:380,1
DA:381,1
DA:382,1
DA:383,1
DA:384,1
DA:385,1
DA:386,1
DA:388,1
DA:389,1
DA:393,1
DA:394,1
DA:399,1
DA:400,1
DA:401,1
DA:402,1
DA:403,1
DA:404,1
DA:405,1
DA:406,1
DA:408,1
DA:409,1
DA:413,1
BRF:0
BRH:0
LF:239
LH:230
end_of_record
SF:/Users/bharath/Code/devtools/DevCouncil/rust-port/crates/devmap-cli/src/main.rs
FN:202,_RNvCs71vYnf4OFKt_6devmap13ensure_parent
FN:230,_RNvCs71vYnf4OFKt_6devmap15truncation_line
FN:191,_RNvCs71vYnf4OFKt_6devmap9split_csv
FN:1028,_RNvNtCs71vYnf4OFKt_6devmap5testss_35ensure_parent_creates_the_directory
FN:1007,_RNvNtCs71vYnf4OFKt_6devmap5testss_40csv_paths_are_trimmed_and_blanks_dropped
FN:978,_RNvNtCs71vYnf4OFKt_6devmap5testss_44a_capped_result_is_always_reported_as_capped
FN:73,_RINvMCs71vYnf4OFKt_6devmapNtB3_16ProgressReporter5stagepEB3_
FN:781,_RNCNCNCNvCs71vYnf4OFKt_6devmap4main0s5_00B7_
FN:869,_RNCNCNCNvCs71vYnf4OFKt_6devmap4main0s6_00B7_
FN:481,_RNCNCNCNvCs71vYnf4OFKt_6devmap4main0s_00B7_
FN:388,_RNCNCNvCs71vYnf4OFKt_6devmap16affected_closures1_00B5_
FN:436,_RNCNCNvCs71vYnf4OFKt_6devmap4main00B5_
FN:563,_RNCNCNvCs71vYnf4OFKt_6devmap4main0s0_0B5_
FN:566,_RNCNCNvCs71vYnf4OFKt_6devmap4main0s1_0B5_
FN:753,_RNCNCNvCs71vYnf4OFKt_6devmap4main0s2_0B5_
FN:756,_RNCNCNvCs71vYnf4OFKt_6devmap4main0s3_0B5_
FN:762,_RNCNCNvCs71vYnf4OFKt_6devmap4main0s4_0B5_
FN:778,_RNCNCNvCs71vYnf4OFKt_6devmap4main0s5_0B5_
FN:854,_RNCNCNvCs71vYnf4OFKt_6devmap4main0s6_0B5_
FN:896,_RNCNCNvCs71vYnf4OFKt_6devmap4main0s7_0B5_
FN:957,_RNCNCNvCs71vYnf4OFKt_6devmap4main0s8_0B5_
FN:628,_RNCNCNvCs71vYnf4OFKt_6devmap4main0s9_0B5_
FN:478,_RNCNCNvCs71vYnf4OFKt_6devmap4main0s_0B5_
FN:914,_RNCNCNvCs71vYnf4OFKt_6devmap4main0sa_0B5_
FN:914,_RNCNCNvCs71vYnf4OFKt_6devmap4main0sb_0B5_
FN:347,_RNCNvCs71vYnf4OFKt_6devmap16affected_closure0B3_
FN:383,_RNCNvCs71vYnf4OFKt_6devmap16affected_closures0_0B3_
FN:384,_RNCNvCs71vYnf4OFKt_6devmap16affected_closures1_0B3_
FN:379,_RNCNvCs71vYnf4OFKt_6devmap16affected_closures_0B3_
FN:404,_RNCNvCs71vYnf4OFKt_6devmap4main0B3_
FN:254,_RNvCs71vYnf4OFKt_6devmap10emit_edges
FN:240,_RNvCs71vYnf4OFKt_6devmap11emit_search
FN:181,_RNvCs71vYnf4OFKt_6devmap13open_for_read
FN:234,_RNvCs71vYnf4OFKt_6devmap15emit_truncation
FN:298,_RNvCs71vYnf4OFKt_6devmap16affected_closure
FN:218,_RNvCs71vYnf4OFKt_6devmap16emit_unavailable
FN:404,_RNvCs71vYnf4OFKt_6devmap4main
FN:272,_RNvCs71vYnf4OFKt_6devmap9emit_dead
FN:209,_RNvCs71vYnf4OFKt_6devmap9emit_json
FN:61,_RNvMCs71vYnf4OFKt_6devmapNtB2_16ProgressReporter3new
FN:79,_RNvMCs71vYnf4OFKt_6devmapNtB2_16ProgressReporter8complete
FN:195,_RNCNCNvCs71vYnf4OFKt_6devmap9split_csv00B5_
FN:196,_RNCNCNvCs71vYnf4OFKt_6devmap9split_csv0s_0B5_
FN:231,_RNCNvCs71vYnf4OFKt_6devmap15truncation_line0B3_
FN:193,_RNCNvCs71vYnf4OFKt_6devmap9split_csv0B3_
FN:73,_RINvMCs2i0ggI1Ko9r_6devmapNtB3_16ProgressReporter5stageNtNtCs6sq8b9ugfBC_4core3fmt9ArgumentsEB3_
FN:781,_RNCNCNCNvCs2i0ggI1Ko9r_6devmap4main0s5_00B7_
FN:869,_RNCNCNCNvCs2i0ggI1Ko9r_6devmap4main0s6_00B7_
FN:481,_RNCNCNCNvCs2i0ggI1Ko9r_6devmap4main0s_00B7_
FN:388,_RNCNCNvCs2i0ggI1Ko9r_6devmap16affected_closures1_00B5_
FN:436,_RNCNCNvCs2i0ggI1Ko9r_6devmap4main00B5_
FN:563,_RNCNCNvCs2i0ggI1Ko9r_6devmap4main0s0_0B5_
FN:566,_RNCNCNvCs2i0ggI1Ko9r_6devmap4main0s1_0B5_
FN:753,_RNCNCNvCs2i0ggI1Ko9r_6devmap4main0s2_0B5_
FN:756,_RNCNCNvCs2i0ggI1Ko9r_6devmap4main0s3_0B5_
FN:762,_RNCNCNvCs2i0ggI1Ko9r_6devmap4main0s4_0B5_
FN:778,_RNCNCNvCs2i0ggI1Ko9r_6devmap4main0s5_0B5_
FN:854,_RNCNCNvCs2i0ggI1Ko9r_6devmap4main0s6_0B5_
FN:896,_RNCNCNvCs2i0ggI1Ko9r_6devmap4main0s7_0B5_
FN:957,_RNCNCNvCs2i0ggI1Ko9r_6devmap4main0s8_0B5_
FN:628,_RNCNCNvCs2i0ggI1Ko9r_6devmap4main0s9_0B5_
FN:478,_RNCNCNvCs2i0ggI1Ko9r_6devmap4main0s_0B5_
FN:914,_RNCNCNvCs2i0ggI1Ko9r_6devmap4main0sa_0B5_
FN:914,_RNCNCNvCs2i0ggI1Ko9r_6devmap4main0sb_0B5_
FN:195,_RNCNCNvCs2i0ggI1Ko9r_6devmap9split_csv00B5_
FN:196,_RNCNCNvCs2i0ggI1Ko9r_6devmap9split_csv0s_0B5_
FN:231,_RNCNvCs2i0ggI1Ko9r_6devmap15truncation_line0B3_
FN:347,_RNCNvCs2i0ggI1Ko9r_6devmap16affected_closure0B3_
FN:383,_RNCNvCs2i0ggI1Ko9r_6devmap16affected_closures0_0B3_
FN:384,_RNCNvCs2i0ggI1Ko9r_6devmap16affected_closures1_0B3_
FN:379,_RNCNvCs2i0ggI1Ko9r_6devmap16affected_closures_0B3_
FN:404,_RNCNvCs2i0ggI1Ko9r_6devmap4main0B3_
FN:193,_RNCNvCs2i0ggI1Ko9r_6devmap9split_csv0B3_
FN:254,_RNvCs2i0ggI1Ko9r_6devmap10emit_edges
FN:240,_RNvCs2i0ggI1Ko9r_6devmap11emit_search
FN:202,_RNvCs2i0ggI1Ko9r_6devmap13ensure_parent
FN:181,_RNvCs2i0ggI1Ko9r_6devmap13open_for_read
FN:234,_RNvCs2i0ggI1Ko9r_6devmap15emit_truncation
FN:230,_RNvCs2i0ggI1Ko9r_6devmap15truncation_line
FN:298,_RNvCs2i0ggI1Ko9r_6devmap16affected_closure
FN:218,_RNvCs2i0ggI1Ko9r_6devmap16emit_unavailable
FN:404,_RNvCs2i0ggI1Ko9r_6devmap4main
FN:272,_RNvCs2i0ggI1Ko9r_6devmap9emit_dead
FN:209,_RNvCs2i0ggI1Ko9r_6devmap9emit_json
FN:191,_RNvCs2i0ggI1Ko9r_6devmap9split_csv
FN:61,_RNvMCs2i0ggI1Ko9r_6devmapNtB2_16ProgressReporter3new
FN:79,_RNvMCs2i0ggI1Ko9r_6devmapNtB2_16ProgressReporter8complete
FNDA:1,_RNvCs71vYnf4OFKt_6devmap13ensure_parent
FNDA:4,_RNvCs71vYnf4OFKt_6devmap15truncation_line
FNDA:4,_RNvCs71vYnf4OFKt_6devmap9split_csv
FNDA:1,_RNvNtCs71vYnf4OFKt_6devmap5testss_35ensure_parent_creates_the_directory
FNDA:1,_RNvNtCs71vYnf4OFKt_6devmap5testss_40csv_paths_are_trimmed_and_blanks_dropped
FNDA:1,_RNvNtCs71vYnf4OFKt_6devmap5testss_44a_capped_result_is_always_reported_as_capped
FNDA:0,_RINvMCs71vYnf4OFKt_6devmapNtB3_16ProgressReporter5stagepEB3_
FNDA:0,_RNCNCNCNvCs71vYnf4OFKt_6devmap4main0s5_00B7_
FNDA:0,_RNCNCNCNvCs71vYnf4OFKt_6devmap4main0s6_00B7_
FNDA:0,_RNCNCNCNvCs71vYnf4OFKt_6devmap4main0s_00B7_
FNDA:0,_RNCNCNvCs71vYnf4OFKt_6devmap16affected_closures1_00B5_
FNDA:0,_RNCNCNvCs71vYnf4OFKt_6devmap4main00B5_
FNDA:0,_RNCNCNvCs71vYnf4OFKt_6devmap4main0s0_0B5_
FNDA:0,_RNCNCNvCs71vYnf4OFKt_6devmap4main0s1_0B5_
FNDA:0,_RNCNCNvCs71vYnf4OFKt_6devmap4main0s2_0B5_
FNDA:0,_RNCNCNvCs71vYnf4OFKt_6devmap4main0s3_0B5_
FNDA:0,_RNCNCNvCs71vYnf4OFKt_6devmap4main0s4_0B5_
FNDA:0,_RNCNCNvCs71vYnf4OFKt_6devmap4main0s5_0B5_
FNDA:0,_RNCNCNvCs71vYnf4OFKt_6devmap4main0s6_0B5_
FNDA:0,_RNCNCNvCs71vYnf4OFKt_6devmap4main0s7_0B5_
FNDA:0,_RNCNCNvCs71vYnf4OFKt_6devmap4main0s8_0B5_
FNDA:0,_RNCNCNvCs71vYnf4OFKt_6devmap4main0s9_0B5_
FNDA:0,_RNCNCNvCs71vYnf4OFKt_6devmap4main0s_0B5_
FNDA:0,_RNCNCNvCs71vYnf4OFKt_6devmap4main0sa_0B5_
FNDA:0,_RNCNCNvCs71vYnf4OFKt_6devmap4main0sb_0B5_
FNDA:0,_RNCNvCs71vYnf4OFKt_6devmap16affected_closure0B3_
FNDA:0,_RNCNvCs71vYnf4OFKt_6devmap16affected_closures0_0B3_
FNDA:0,_RNCNvCs71vYnf4OFKt_6devmap16affected_closures1_0B3_
FNDA:0,_RNCNvCs71vYnf4OFKt_6devmap16affected_closures_0B3_
FNDA:0,_RNCNvCs71vYnf4OFKt_6devmap4main0B3_
FNDA:0,_RNvCs71vYnf4OFKt_6devmap10emit_edges
FNDA:0,_RNvCs71vYnf4OFKt_6devmap11emit_search
FNDA:0,_RNvCs71vYnf4OFKt_6devmap13open_for_read
FNDA:0,_RNvCs71vYnf4OFKt_6devmap15emit_truncation
FNDA:0,_RNvCs71vYnf4OFKt_6devmap16affected_closure
FNDA:0,_RNvCs71vYnf4OFKt_6devmap16emit_unavailable
FNDA:0,_RNvCs71vYnf4OFKt_6devmap4main
FNDA:0,_RNvCs71vYnf4OFKt_6devmap9emit_dead
FNDA:0,_RNvCs71vYnf4OFKt_6devmap9emit_json
FNDA:0,_RNvMCs71vYnf4OFKt_6devmapNtB2_16ProgressReporter3new
FNDA:0,_RNvMCs71vYnf4OFKt_6devmapNtB2_16ProgressReporter8complete
FNDA:6,_RNCNCNvCs71vYnf4OFKt_6devmap9split_csv00B5_
FNDA:6,_RNCNCNvCs71vYnf4OFKt_6devmap9split_csv0s_0B5_
FNDA:3,_RNCNvCs71vYnf4OFKt_6devmap15truncation_line0B3_
FNDA:3,_RNCNvCs71vYnf4OFKt_6devmap9split_csv0B3_
FNDA:794,_RINvMCs2i0ggI1Ko9r_6devmapNtB3_16ProgressReporter5stageNtNtCs6sq8b9ugfBC_4core3fmt9ArgumentsEB3_
FNDA:0,_RNCNCNCNvCs2i0ggI1Ko9r_6devmap4main0s5_00B7_
FNDA:1,_RNCNCNCNvCs2i0ggI1Ko9r_6devmap4main0s6_00B7_
FNDA:184,_RNCNCNCNvCs2i0ggI1Ko9r_6devmap4main0s_00B7_
FNDA:19,_RNCNCNvCs2i0ggI1Ko9r_6devmap16affected_closures1_00B5_
FNDA:480,_RNCNCNvCs2i0ggI1Ko9r_6devmap4main00B5_
FNDA:158,_RNCNCNvCs2i0ggI1Ko9r_6devmap4main0s0_0B5_
FNDA:158,_RNCNCNvCs2i0ggI1Ko9r_6devmap4main0s1_0B5_
FNDA:0,_RNCNCNvCs2i0ggI1Ko9r_6devmap4main0s2_0B5_
FNDA:0,_RNCNCNvCs2i0ggI1Ko9r_6devmap4main0s3_0B5_
FNDA:0,_RNCNCNvCs2i0ggI1Ko9r_6devmap4main0s4_0B5_
FNDA:0,_RNCNCNvCs2i0ggI1Ko9r_6devmap4main0s5_0B5_
FNDA:2,_RNCNCNvCs2i0ggI1Ko9r_6devmap4main0s6_0B5_
FNDA:0,_RNCNCNvCs2i0ggI1Ko9r_6devmap4main0s7_0B5_
FNDA:0,_RNCNCNvCs2i0ggI1Ko9r_6devmap4main0s8_0B5_
FNDA:13,_RNCNCNvCs2i0ggI1Ko9r_6devmap4main0s9_0B5_
FNDA:185,_RNCNCNvCs2i0ggI1Ko9r_6devmap4main0s_0B5_
FNDA:0,_RNCNCNvCs2i0ggI1Ko9r_6devmap4main0sa_0B5_
FNDA:0,_RNCNCNvCs2i0ggI1Ko9r_6devmap4main0sb_0B5_
FNDA:1,_RNCNCNvCs2i0ggI1Ko9r_6devmap9split_csv00B5_
FNDA:1,_RNCNCNvCs2i0ggI1Ko9r_6devmap9split_csv0s_0B5_
FNDA:0,_RNCNvCs2i0ggI1Ko9r_6devmap15truncation_line0B3_
FNDA:972,_RNCNvCs2i0ggI1Ko9r_6devmap16affected_closure0B3_
FNDA:0,_RNCNvCs2i0ggI1Ko9r_6devmap16affected_closures0_0B3_
FNDA:19,_RNCNvCs2i0ggI1Ko9r_6devmap16affected_closures1_0B3_
FNDA:66,_RNCNvCs2i0ggI1Ko9r_6devmap16affected_closures_0B3_
FNDA:188,_RNCNvCs2i0ggI1Ko9r_6devmap4main0B3_
FNDA:1,_RNCNvCs2i0ggI1Ko9r_6devmap9split_csv0B3_
FNDA:0,_RNvCs2i0ggI1Ko9r_6devmap10emit_edges
FNDA:0,_RNvCs2i0ggI1Ko9r_6devmap11emit_search
FNDA:174,_RNvCs2i0ggI1Ko9r_6devmap13ensure_parent
FNDA:16,_RNvCs2i0ggI1Ko9r_6devmap13open_for_read
FNDA:0,_RNvCs2i0ggI1Ko9r_6devmap15emit_truncation
FNDA:0,_RNvCs2i0ggI1Ko9r_6devmap15truncation_line
FNDA:158,_RNvCs2i0ggI1Ko9r_6devmap16affected_closure
FNDA:0,_RNvCs2i0ggI1Ko9r_6devmap16emit_unavailable
FNDA:188,_RNvCs2i0ggI1Ko9r_6devmap4main
FNDA:0,_RNvCs2i0ggI1Ko9r_6devmap9emit_dead
FNDA:34,_RNvCs2i0ggI1Ko9r_6devmap9emit_json
FNDA:316,_RNvCs2i0ggI1Ko9r_6devmap9split_csv
FNDA:160,_RNvMCs2i0ggI1Ko9r_6devmapNtB2_16ProgressReporter3new
FNDA:158,_RNvMCs2i0ggI1Ko9r_6devmapNtB2_16ProgressReporter8complete
FNF:45
FNH:30
DA:61,160
DA:62,160
DA:63,113
DA:64,1
DA:65,46
DA:67,160
DA:68,160
DA:69,160
DA:70,160
DA:71,160
DA:73,794
DA:74,794
DA:75,5
DA:76,789
DA:77,794
DA:79,158
DA:80,158
DA:82,158
DA:84,158
DA:87,158
DA:181,16
DA:182,16
DA:183,15
DA:184,1
DA:185,1
DA:186,1
DA:187,1
DA:189,16
DA:191,320
DA:192,320
DA:193,320
DA:194,4
DA:195,7
DA:196,7
DA:197,4
DA:198,4
DA:199,320
DA:200,320
DA:202,175
DA:203,175
DA:204,175
DA:205,0
DA:206,175
DA:207,175
DA:209,34
DA:210,34
DA:211,22
DA:213,12
DA:215,34
DA:216,34
DA:218,0
DA:219,0
DA:220,0
DA:230,4
DA:231,4
DA:232,4
DA:234,0
DA:235,0
DA:236,0
DA:237,0
DA:238,0
DA:240,0
DA:241,0
DA:242,0
DA:243,0
DA:244,0
DA:245,0
DA:246,0
DA:247,0
DA:248,0
DA:249,0
DA:250,0
DA:251,0
DA:252,0
DA:254,0
DA:255,0
DA:256,0
DA:257,0
DA:258,0
DA:259,0
DA:260,0
DA:261,0
DA:262,0
DA:263,0
DA:264,0
DA:265,0
DA:266,0
DA:267,0
DA:268,0
DA:269,0
DA:270,0
DA:272,0
DA:273,0
DA:274,0
DA:275,0
DA:276,0
DA:277,0
DA:278,0
DA:279,0
DA:280,0
DA:281,0
DA:282,0
DA:283,0
DA:284,0
DA:298,158
DA:299,158
DA:300,158
DA:301,158
DA:304,158
DA:305,158
DA:306,76
DA:307,82
DA:312,82
DA:313,15
DA:314,67
DA:317,67
DA:318,15
DA:319,52
DA:321,52
DA:322,347
DA:323,347
DA:324,346
DA:325,139
DA:326,139
DA:327,139
DA:329,1
DA:332,51
DA:333,0
DA:334,51
DA:338,51
DA:339,51
DA:340,51
DA:341,345
DA:342,345
DA:343,345
DA:344,345
DA:345,345
DA:346,345
DA:347,972
DA:348,345
DA:351,139
DA:352,139
DA:353,139
DA:354,139
DA:355,139
DA:356,139
DA:357,139
DA:358,394
DA:359,394
DA:360,8
DA:361,386
DA:363,399
DA:364,399
DA:365,13
DA:366,386
DA:370,51
DA:371,51
DA:372,73
DA:373,73
DA:374,13
DA:375,60
DA:376,60
DA:377,60
DA:378,60
DA:379,66
DA:380,60
DA:381,60
DA:382,60
DA:383,60
DA:384,60
DA:385,19
DA:386,19
DA:387,19
DA:388,19
DA:389,19
DA:390,60
DA:391,0
DA:392,60
DA:394,38
DA:397,51
DA:398,32
DA:399,19
DA:400,19
DA:401,158
DA:404,188
DA:405,188
DA:406,188
DA:407,188
DA:408,188
DA:410,188
DA:412,188
DA:413,188
DA:414,188
DA:415,188
DA:416,188
DA:417,188
DA:418,188
DA:419,188
DA:420,188
DA:421,188
DA:422,188
DA:423,188
DA:424,188
DA:425,188
DA:426,188
DA:427,188
DA:428,188
DA:429,188
DA:430,188
DA:431,188
DA:432,188
DA:433,188
DA:434,160
DA:435,160
DA:436,480
DA:437,188
DA:438,480
DA:439,188
DA:440,188
DA:441,480
DA:442,188
DA:443,188
DA:444,188
DA:445,188
DA:446,188
DA:447,188
DA:448,188
DA:449,0
DA:450,0
DA:451,188
DA:452,0
DA:453,0
DA:454,188
DA:455,188
DA:456,188
DA:457,188
DA:458,188
DA:459,188
DA:460,188
DA:461,188
DA:462,188
DA:463,188
DA:464,188
DA:465,188
DA:466,188
DA:467,188
DA:468,188
DA:469,188
DA:470,188
DA:471,188
DA:472,188
DA:473,188
DA:474,188
DA:475,188
DA:476,188
DA:477,188
DA:478,188
DA:479,188
DA:480,188
DA:481,188
DA:482,188
DA:483,188
DA:484,188
DA:485,188
DA:486,188
DA:487,0
DA:488,0
DA:489,0
DA:490,0
DA:491,0
DA:492,2
DA:493,2
DA:494,2
DA:495,2
DA:496,2
DA:497,2
DA:498,2
DA:499,188
DA:500,188
DA:501,188
DA:502,188
DA:503,188
DA:504,188
DA:505,188
DA:506,188
DA:507,188
DA:508,188
DA:509,188
DA:510,188
DA:511,188
DA:512,188
DA:513,188
DA:514,188
DA:515,188
DA:516,188
DA:517,188
DA:518,188
DA:519,188
DA:520,188
DA:521,188
DA:522,188
DA:523,188
DA:524,188
DA:525,188
DA:526,188
DA:527,188
DA:528,188
DA:529,188
DA:530,188
DA:531,188
DA:532,188
DA:533,188
DA:534,188
DA:535,188
DA:536,188
DA:537,188
DA:538,188
DA:539,188
DA:540,188
DA:541,188
DA:542,188
DA:543,188
DA:544,188
DA:545,188
DA:546,188
DA:547,188
DA:548,188
DA:549,188
DA:550,188
DA:551,188
DA:552,188
DA:553,188
DA:554,188
DA:555,188
DA:556,188
DA:557,188
DA:558,188
DA:559,188
DA:560,188
DA:561,158
DA:562,188
DA:563,188
DA:564,188
DA:565,188
DA:566,188
DA:567,188
DA:568,188
DA:569,188
DA:570,188
DA:571,188
DA:572,188
DA:573,188
DA:574,188
DA:575,188
DA:576,188
DA:577,188
DA:578,188
DA:579,188
DA:580,188
DA:581,188
DA:582,188
DA:583,188
DA:584,188
DA:585,188
DA:586,188
DA:587,188
DA:588,188
DA:589,188
DA:590,188
DA:591,188
DA:592,188
DA:593,188
DA:594,188
DA:595,188
DA:596,188
DA:597,188
DA:598,188
DA:599,188
DA:600,188
DA:601,188
DA:602,188
DA:603,188
DA:604,188
DA:605,188
DA:606,188
DA:607,188
DA:608,188
DA:609,188
DA:610,188
DA:611,188
DA:612,188
DA:613,188
DA:614,188
DA:615,188
DA:616,188
DA:617,188
DA:618,188
DA:619,188
DA:620,188
DA:621,188
DA:622,188
DA:623,188
DA:624,188
DA:625,188
DA:626,188
DA:627,188
DA:628,188
DA:629,188
DA:630,188
DA:631,188
DA:632,188
DA:633,188
DA:634,188
DA:635,188
DA:636,188
DA:637,188
DA:638,188
DA:639,188
DA:640,150
DA:641,150
DA:642,150
DA:643,150
DA:644,150
DA:645,150
DA:646,150
DA:647,150
DA:648,150
DA:649,150
DA:650,150
DA:651,150
DA:652,150
DA:653,188
DA:654,188
DA:655,188
DA:656,188
DA:657,188
DA:658,1
DA:659,1
DA:660,1
DA:661,1
DA:662,1
DA:663,188
DA:664,188
DA:665,188
DA:666,0
DA:667,0
DA:668,188
DA:669,188
DA:670,188
DA:671,188
DA:672,188
DA:673,188
DA:674,188
DA:675,188
DA:676,188
DA:677,1
DA:678,1
DA:679,1
DA:680,1
DA:681,1
DA:682,188
DA:683,188
DA:684,188
DA:685,0
DA:686,0
DA:687,188
DA:688,188
DA:689,188
DA:690,188
DA:691,188
DA:692,188
DA:693,188
DA:694,188
DA:695,188
DA:696,1
DA:697,1
DA:698,1
DA:699,1
DA:700,1
DA:701,188
DA:702,188
DA:703,188
DA:704,0
DA:705,0
DA:706,188
DA:707,188
DA:708,188
DA:709,188
DA:710,188
DA:711,188
DA:712,188
DA:713,188
DA:714,188
DA:715,188
DA:716,188
DA:717,1
DA:718,1
DA:719,1
DA:720,1
DA:721,1
DA:722,188
DA:723,188
DA:724,1
DA:725,1
DA:726,1
DA:727,1
DA:728,1
DA:729,188
DA:730,188
DA:731,188
DA:732,188
DA:733,0
DA:734,0
DA:735,188
DA:736,188
DA:737,188
DA:738,188
DA:739,188
DA:740,188
DA:741,188
DA:742,0
DA:743,0
DA:744,188
DA:745,188
DA:746,188
DA:747,188
DA:748,188
DA:749,188
DA:750,188
DA:751,188
DA:752,188
DA:753,188
DA:754,188
DA:755,188
DA:756,188
DA:757,188
DA:758,188
DA:759,188
DA:760,188
DA:761,188
DA:762,188
DA:763,188
DA:764,188
DA:765,188
DA:766,188
DA:767,188
DA:768,188
DA:769,188
DA:770,188
DA:771,188
DA:772,7
DA:773,7
DA:774,7
DA:775,7
DA:776,188
DA:777,188
DA:778,188
DA:779,188
DA:780,188
DA:781,188
DA:782,188
DA:783,188
DA:784,188
DA:785,188
DA:786,188
DA:787,188
DA:788,188
DA:789,188
DA:790,188
DA:791,188
DA:792,188
DA:793,188
DA:794,188
DA:795,188
DA:796,188
DA:797,188
DA:798,188
DA:799,188
DA:800,0
DA:801,0
DA:802,0
DA:803,188
DA:804,188
DA:805,188
DA:806,6
DA:807,6
DA:808,6
DA:809,6
DA:810,188
DA:811,188
DA:812,188
DA:813,188
DA:814,188
DA:815,188
DA:816,188
DA:817,188
DA:818,188
DA:819,188
DA:820,188
DA:821,188
DA:822,188
DA:823,188
DA:824,188
DA:825,188
DA:826,188
DA:827,188
DA:828,188
DA:829,188
DA:830,188
DA:831,188
DA:832,188
DA:833,188
DA:834,188
DA:835,188
DA:836,188
DA:837,188
DA:838,188
DA:839,188
DA:840,188
DA:841,188
DA:842,188
DA:843,188
DA:844,188
DA:845,188
DA:846,188
DA:847,188
DA:848,188
DA:849,188
DA:850,188
DA:851,188
DA:852,1
DA:853,188
DA:854,188
DA:855,188
DA:856,188
DA:857,188
DA:858,188
DA:859,188
DA:860,188
DA:861,188
DA:862,188
DA:863,188
DA:864,188
DA:865,188
DA:866,188
DA:867,188
DA:868,188
DA:869,188
DA:870,188
DA:871,188
DA:872,188
DA:873,188
DA:874,188
DA:875,188
DA:876,188
DA:877,188
DA:878,188
DA:879,188
DA:880,188
DA:881,188
DA:882,188
DA:883,188
DA:884,188
DA:885,188
DA:886,0
DA:887,0
DA:888,188
DA:889,188
DA:890,188
DA:891,188
DA:892,188
DA:893,188
DA:894,188
DA:895,0
DA:896,188
DA:897,188
DA:898,188
DA:899,188
DA:900,188
DA:901,188
DA:902,188
DA:903,188
DA:904,188
DA:905,188
DA:906,188
DA:907,188
DA:908,188
DA:909,188
DA:910,188
DA:911,188
DA:912,188
DA:913,188
DA:914,188
DA:915,188
DA:916,188
DA:917,188
DA:918,188
DA:919,188
DA:920,188
DA:921,188
DA:922,188
DA:923,188
DA:924,188
DA:925,188
DA:926,0
DA:927,0
DA:928,188
DA:929,188
DA:930,188
DA:931,188
DA:932,188
DA:933,188
DA:934,188
DA:935,188
DA:936,188
DA:937,188
DA:938,1
DA:939,1
DA:940,1
DA:941,1
DA:942,1
DA:943,188
DA:944,188
DA:945,188
DA:946,188
DA:947,188
DA:948,188
DA:949,188
DA:950,188
DA:951,188
DA:952,188
DA:953,188
DA:954,188
DA:955,188
DA:956,188
DA:957,188
DA:958,188
DA:959,188
DA:960,188
DA:961,188
DA:962,188
DA:963,188
DA:964,188
DA:978,1
DA:980,1
DA:983,1
DA:984,1
DA:989,1
DA:990,1
DA:991,1
DA:992,1
DA:997,1
DA:998,1
DA:1007,1
DA:1008,1
DA:1009,1
DA:1010,1
DA:1011,1
DA:1012,1
DA:1015,1
DA:1016,1
DA:1017,1
DA:1020,1
DA:1028,1
DA:1029,1
DA:1030,1
DA:1031,1
DA:1032,1
DA:1033,1
DA:1034,1
DA:1035,1
DA:1036,1
DA:1037,1
DA:1038,1
DA:1039,1
DA:1040,1
DA:1041,1
DA:1044,1
DA:1045,1
BRF:0
BRH:0
LF:1188
LH:1024
end_of_record
SF:/Users/bharath/Code/devtools/DevCouncil/rust-port/crates/devmap-extract/src/cache.rs
FN:140,_RNvMNtCsj6FNWQLTNtt_14devmap_extract5cacheNtB2_8CacheKey10for_source
FN:154,_RNvMNtCsj6FNWQLTNtt_14devmap_extract5cacheNtB2_8CacheKey14for_extraction
FN:144,_RNvMNtCsj6FNWQLTNtt_14devmap_extract5cacheNtB2_8CacheKey16for_content_hash
FN:396,_RNvNtCsj6FNWQLTNtt_14devmap_extract5cache12cache_admits
FN:180,_RNvNtCsj6FNWQLTNtt_14devmap_extract5cache19grammar_version_for
FN:172,_RNvNtCsj6FNWQLTNtt_14devmap_extract5cache24current_payload_identity
FN:406,_RNvNtNtCsfsrGD4CXWiP_14devmap_extract5cache5testss_36test_x7_failed_extraction_not_cached
FN:506,_RNvNtNtCsfsrGD4CXWiP_14devmap_extract5cache5testss_40test_cache_key_changes_with_content_hash
FN:485,_RNvNtNtCsfsrGD4CXWiP_14devmap_extract5cache5testss_45test_s14_grammar_version_is_language_specific
FN:422,_RNvNtNtCsfsrGD4CXWiP_14devmap_extract5cache5testss_49every_linked_grammar_has_a_distinct_real_identity
FN:513,_RNvNtNtCsfsrGD4CXWiP_14devmap_extract5cache5testss_51extraction_schema_version_is_part_of_cache_identity
FN:495,_RNvNtNtCsfsrGD4CXWiP_14devmap_extract5cache5testss_60test_s14_cache_key_uses_compiled_grammar_package_and_variant
FN:140,_RNvMNtCsfsrGD4CXWiP_14devmap_extract5cacheNtB2_8CacheKey10for_source
FN:154,_RNvMNtCsfsrGD4CXWiP_14devmap_extract5cacheNtB2_8CacheKey14for_extraction
FN:144,_RNvMNtCsfsrGD4CXWiP_14devmap_extract5cacheNtB2_8CacheKey16for_content_hash
FN:396,_RNvNtCsfsrGD4CXWiP_14devmap_extract5cache12cache_admits
FN:180,_RNvNtCsfsrGD4CXWiP_14devmap_extract5cache19grammar_version_for
FN:172,_RNvNtCsfsrGD4CXWiP_14devmap_extract5cache24current_payload_identity
FNDA:1932,_RNvMNtCsj6FNWQLTNtt_14devmap_extract5cacheNtB2_8CacheKey10for_source
FNDA:55531,_RNvMNtCsj6FNWQLTNtt_14devmap_extract5cacheNtB2_8CacheKey14for_extraction
FNDA:57463,_RNvMNtCsj6FNWQLTNtt_14devmap_extract5cacheNtB2_8CacheKey16for_content_hash
FNDA:2695,_RNvNtCsj6FNWQLTNtt_14devmap_extract5cache12cache_admits
FNDA:58461,_RNvNtCsj6FNWQLTNtt_14devmap_extract5cache19grammar_version_for
FNDA:58458,_RNvNtCsj6FNWQLTNtt_14devmap_extract5cache24current_payload_identity
FNDA:1,_RNvNtNtCsfsrGD4CXWiP_14devmap_extract5cache5testss_36test_x7_failed_extraction_not_cached
FNDA:1,_RNvNtNtCsfsrGD4CXWiP_14devmap_extract5cache5testss_40test_cache_key_changes_with_content_hash
FNDA:1,_RNvNtNtCsfsrGD4CXWiP_14devmap_extract5cache5testss_45test_s14_grammar_version_is_language_specific
FNDA:1,_RNvNtNtCsfsrGD4CXWiP_14devmap_extract5cache5testss_49every_linked_grammar_has_a_distinct_real_identity
FNDA:1,_RNvNtNtCsfsrGD4CXWiP_14devmap_extract5cache5testss_51extraction_schema_version_is_part_of_cache_identity
FNDA:1,_RNvNtNtCsfsrGD4CXWiP_14devmap_extract5cache5testss_60test_s14_cache_key_uses_compiled_grammar_package_and_variant
FNDA:0,_RNvMNtCsfsrGD4CXWiP_14devmap_extract5cacheNtB2_8CacheKey10for_source
FNDA:3,_RNvMNtCsfsrGD4CXWiP_14devmap_extract5cacheNtB2_8CacheKey14for_extraction
FNDA:3,_RNvMNtCsfsrGD4CXWiP_14devmap_extract5cacheNtB2_8CacheKey16for_content_hash
FNDA:1,_RNvNtCsfsrGD4CXWiP_14devmap_extract5cache12cache_admits
FNDA:40,_RNvNtCsfsrGD4CXWiP_14devmap_extract5cache19grammar_version_for
FNDA:3,_RNvNtCsfsrGD4CXWiP_14devmap_extract5cache24current_payload_identity
FNF:12
FNH:12
DA:140,1932
DA:141,1932
DA:142,1932
DA:144,57466
DA:145,57466
DA:146,57466
DA:147,57466
DA:148,57466
DA:149,57466
DA:150,57466
DA:151,57466
DA:152,57466
DA:154,55534
DA:155,55534
DA:156,55534
DA:172,58461
DA:173,58461
DA:174,58461
DA:175,58461
DA:176,58461
DA:177,58461
DA:180,58501
DA:181,58498
DA:182,58501
DA:183,58501
DA:184,58427
DA:185,58427
DA:186,58427
DA:187,58427
DA:188,58427
DA:189,74
DA:190,2
DA:191,2
DA:192,2
DA:193,2
DA:194,2
DA:195,72
DA:196,2
DA:197,2
DA:198,2
DA:199,2
DA:200,2
DA:201,70
DA:202,2
DA:203,2
DA:204,2
DA:205,2
DA:206,2
DA:207,68
DA:208,34
DA:209,34
DA:210,34
DA:211,34
DA:212,34
DA:213,34
DA:214,5
DA:215,5
DA:216,5
DA:217,5
DA:218,5
DA:219,29
DA:220,1
DA:221,1
DA:222,1
DA:223,1
DA:224,1
DA:225,28
DA:226,1
DA:227,1
DA:228,1
DA:229,1
DA:230,1
DA:231,27
DA:232,1
DA:233,1
DA:234,1
DA:235,1
DA:236,1
DA:237,26
DA:238,1
DA:239,1
DA:240,1
DA:241,1
DA:242,1
DA:243,25
DA:244,1
DA:245,1
DA:246,1
DA:247,1
DA:248,1
DA:249,24
DA:250,1
DA:251,1
DA:252,1
DA:253,1
DA:254,1
DA:255,23
DA:256,1
DA:257,1
DA:258,1
DA:259,1
DA:260,1
DA:261,22
DA:262,1
DA:263,1
DA:264,1
DA:265,1
DA:266,1
DA:267,21
DA:268,1
DA:269,1
DA:270,1
DA:271,1
DA:272,1
DA:273,20
DA:274,1
DA:275,1
DA:276,1
DA:277,1
DA:278,1
DA:279,19
DA:280,1
DA:281,1
DA:282,1
DA:283,1
DA:284,1
DA:285,18
DA:286,1
DA:287,1
DA:288,1
DA:289,1
DA:290,1
DA:291,17
DA:292,1
DA:293,1
DA:294,1
DA:295,1
DA:296,1
DA:297,16
DA:298,1
DA:299,1
DA:300,1
DA:301,1
DA:302,1
DA:303,15
DA:304,1
DA:305,1
DA:306,1
DA:307,1
DA:308,1
DA:309,14
DA:310,1
DA:311,1
DA:312,1
DA:313,1
DA:314,1
DA:315,13
DA:316,1
DA:317,1
DA:318,1
DA:319,1
DA:320,1
DA:321,12
DA:322,1
DA:323,1
DA:324,1
DA:325,1
DA:326,1
DA:327,11
DA:328,1
DA:329,1
DA:330,1
DA:331,1
DA:332,1
DA:333,10
DA:334,1
DA:335,1
DA:336,1
DA:337,1
DA:338,1
DA:339,9
DA:340,0
DA:341,0
DA:342,0
DA:343,0
DA:344,0
DA:345,9
DA:346,0
DA:347,0
DA:348,0
DA:349,0
DA:350,0
DA:351,9
DA:352,1
DA:353,1
DA:354,1
DA:355,1
DA:356,1
DA:357,8
DA:358,1
DA:359,1
DA:360,1
DA:361,1
DA:362,1
DA:363,7
DA:364,1
DA:365,1
DA:366,1
DA:367,1
DA:368,1
DA:369,6
DA:370,1
DA:371,1
DA:372,1
DA:373,1
DA:374,1
DA:375,5
DA:376,1
DA:377,1
DA:378,1
DA:379,1
DA:380,1
DA:381,4
DA:382,1
DA:383,1
DA:384,1
DA:385,1
DA:386,1
DA:387,3
DA:389,58498
DA:391,58498
DA:393,58501
DA:396,2696
DA:397,2696
DA:398,2696
DA:406,1
DA:407,1
DA:408,1
DA:409,1
DA:410,1
DA:411,1
DA:422,1
DA:423,1
DA:424,1
DA:425,1
DA:426,1
DA:427,1
DA:428,1
DA:429,1
DA:430,1
DA:431,1
DA:432,1
DA:433,1
DA:434,1
DA:435,1
DA:436,1
DA:437,1
DA:438,1
DA:439,1
DA:440,1
DA:441,1
DA:442,1
DA:443,1
DA:444,1
DA:445,1
DA:446,1
DA:447,1
DA:448,1
DA:449,1
DA:450,1
DA:451,1
DA:452,1
DA:453,1
DA:454,1
DA:455,1
DA:456,1
DA:457,1
DA:458,32
DA:459,32
DA:460,32
DA:461,32
DA:464,32
DA:465,32
DA:468,32
DA:469,32
DA:481,1
DA:482,1
DA:485,1
DA:486,1
DA:487,1
DA:488,1
DA:489,1
DA:490,1
DA:491,1
DA:492,1
DA:495,1
DA:496,1
DA:497,1
DA:498,1
DA:499,1
DA:500,1
DA:501,1
DA:502,1
DA:503,1
DA:506,1
DA:507,1
DA:508,1
DA:509,1
DA:510,1
DA:513,1
DA:514,1
DA:515,1
DA:516,1
DA:517,1
DA:518,1
DA:519,1
BRF:0
BRH:0
LF:316
LH:306
end_of_record
SF:/Users/bharath/Code/devtools/DevCouncil/rust-port/crates/devmap-extract/src/frameworks.rs
FN:30,_RNvNtCsj6FNWQLTNtt_14devmap_extract10frameworks10express_re
FN:6,_RNvNtCsj6FNWQLTNtt_14devmap_extract10frameworks10fastapi_re
FN:77,_RNvNtCsj6FNWQLTNtt_14devmap_extract10frameworks20express_handler_name
FN:135,_RNvNtCsj6FNWQLTNtt_14devmap_extract10frameworks24extract_framework_routes
FN:50,_RNvNtCsj6FNWQLTNtt_14devmap_extract10frameworks24python_decorated_handler
FN:18,_RNvNtCsj6FNWQLTNtt_14devmap_extract10frameworks7axum_re
FN:34,_RNCNCNvNtCsj6FNWQLTNtt_14devmap_extract10frameworks10express_re00B7_
FN:12,_RNCNCNvNtCsj6FNWQLTNtt_14devmap_extract10frameworks10fastapi_re00B7_
FN:24,_RNCNCNvNtCsj6FNWQLTNtt_14devmap_extract10frameworks7axum_re00B7_
FN:32,_RNCNvNtCsj6FNWQLTNtt_14devmap_extract10frameworks10express_re0B5_
FN:8,_RNCNvNtCsj6FNWQLTNtt_14devmap_extract10frameworks10fastapi_re0B5_
FN:115,_RNCNvNtCsj6FNWQLTNtt_14devmap_extract10frameworks20express_handler_name0B5_
FN:125,_RNCNvNtCsj6FNWQLTNtt_14devmap_extract10frameworks20express_handler_names_0B5_
FN:60,_RNCNvNtCsj6FNWQLTNtt_14devmap_extract10frameworks24python_decorated_handler0B5_
FN:63,_RNCNvNtCsj6FNWQLTNtt_14devmap_extract10frameworks24python_decorated_handlers_0B5_
FN:20,_RNCNvNtCsj6FNWQLTNtt_14devmap_extract10frameworks7axum_re0B5_
FN:374,_RNvNtNtCsfsrGD4CXWiP_14devmap_extract10frameworks18handler_name_testss_43an_express_route_names_its_handler_argument
FN:281,_RNvNtNtCsfsrGD4CXWiP_14devmap_extract10frameworks18handler_name_testss_46a_python_route_names_the_function_it_decorates
FN:324,_RNvNtNtCsfsrGD4CXWiP_14devmap_extract10frameworks18handler_name_testss_61nesting_inside_an_express_argument_list_does_not_end_the_scan
FN:206,_RNvNtNtCsfsrGD4CXWiP_14devmap_extract10frameworks5testss_22extracts_fastapi_route
FN:230,_RNvNtNtCsfsrGD4CXWiP_14devmap_extract10frameworks23language_dispatch_testss_46route_matchers_dispatch_on_their_own_languages
FN:375,_RNCNvNtNtCsfsrGD4CXWiP_14devmap_extract10frameworks18handler_name_testss_43an_express_route_names_its_handler_argument0B7_
FN:282,_RNCNvNtNtCsfsrGD4CXWiP_14devmap_extract10frameworks18handler_name_testss_46a_python_route_names_the_function_it_decorates0B7_
FN:325,_RNCNvNtNtCsfsrGD4CXWiP_14devmap_extract10frameworks18handler_name_testss_61nesting_inside_an_express_argument_list_does_not_end_the_scan0B7_
FN:30,_RNvNtCsfsrGD4CXWiP_14devmap_extract10frameworks10express_re
FN:6,_RNvNtCsfsrGD4CXWiP_14devmap_extract10frameworks10fastapi_re
FN:77,_RNvNtCsfsrGD4CXWiP_14devmap_extract10frameworks20express_handler_name
FN:135,_RNvNtCsfsrGD4CXWiP_14devmap_extract10frameworks24extract_framework_routes
FN:50,_RNvNtCsfsrGD4CXWiP_14devmap_extract10frameworks24python_decorated_handler
FN:18,_RNvNtCsfsrGD4CXWiP_14devmap_extract10frameworks7axum_re
FN:34,_RNCNCNvNtCsfsrGD4CXWiP_14devmap_extract10frameworks10express_re00B7_
FN:12,_RNCNCNvNtCsfsrGD4CXWiP_14devmap_extract10frameworks10fastapi_re00B7_
FN:24,_RNCNCNvNtCsfsrGD4CXWiP_14devmap_extract10frameworks7axum_re00B7_
FN:32,_RNCNvNtCsfsrGD4CXWiP_14devmap_extract10frameworks10express_re0B5_
FN:8,_RNCNvNtCsfsrGD4CXWiP_14devmap_extract10frameworks10fastapi_re0B5_
FN:115,_RNCNvNtCsfsrGD4CXWiP_14devmap_extract10frameworks20express_handler_name0B5_
FN:125,_RNCNvNtCsfsrGD4CXWiP_14devmap_extract10frameworks20express_handler_names_0B5_
FN:60,_RNCNvNtCsfsrGD4CXWiP_14devmap_extract10frameworks24python_decorated_handler0B5_
FN:63,_RNCNvNtCsfsrGD4CXWiP_14devmap_extract10frameworks24python_decorated_handlers_0B5_
FN:20,_RNCNvNtCsfsrGD4CXWiP_14devmap_extract10frameworks7axum_re0B5_
FNDA:70,_RNvNtCsj6FNWQLTNtt_14devmap_extract10frameworks10express_re
FNDA:29678,_RNvNtCsj6FNWQLTNtt_14devmap_extract10frameworks10fastapi_re
FNDA:3,_RNvNtCsj6FNWQLTNtt_14devmap_extract10frameworks20express_handler_name
FNDA:30335,_RNvNtCsj6FNWQLTNtt_14devmap_extract10frameworks24extract_framework_routes
FNDA:3,_RNvNtCsj6FNWQLTNtt_14devmap_extract10frameworks24python_decorated_handler
FNDA:64,_RNvNtCsj6FNWQLTNtt_14devmap_extract10frameworks7axum_re
FNDA:0,_RNCNCNvNtCsj6FNWQLTNtt_14devmap_extract10frameworks10express_re00B7_
FNDA:0,_RNCNCNvNtCsj6FNWQLTNtt_14devmap_extract10frameworks10fastapi_re00B7_
FNDA:0,_RNCNCNvNtCsj6FNWQLTNtt_14devmap_extract10frameworks7axum_re00B7_
FNDA:10,_RNCNvNtCsj6FNWQLTNtt_14devmap_extract10frameworks10express_re0B5_
FNDA:166,_RNCNvNtCsj6FNWQLTNtt_14devmap_extract10frameworks10fastapi_re0B5_
FNDA:0,_RNCNvNtCsj6FNWQLTNtt_14devmap_extract10frameworks20express_handler_name0B5_
FNDA:23,_RNCNvNtCsj6FNWQLTNtt_14devmap_extract10frameworks20express_handler_names_0B5_
FNDA:3,_RNCNvNtCsj6FNWQLTNtt_14devmap_extract10frameworks24python_decorated_handler0B5_
FNDA:26,_RNCNvNtCsj6FNWQLTNtt_14devmap_extract10frameworks24python_decorated_handlers_0B5_
FNDA:14,_RNCNvNtCsj6FNWQLTNtt_14devmap_extract10frameworks7axum_re0B5_
FNDA:1,_RNvNtNtCsfsrGD4CXWiP_14devmap_extract10frameworks18handler_name_testss_43an_express_route_names_its_handler_argument
FNDA:1,_RNvNtNtCsfsrGD4CXWiP_14devmap_extract10frameworks18handler_name_testss_46a_python_route_names_the_function_it_decorates
FNDA:1,_RNvNtNtCsfsrGD4CXWiP_14devmap_extract10frameworks18handler_name_testss_61nesting_inside_an_express_argument_list_does_not_end_the_scan
FNDA:1,_RNvNtNtCsfsrGD4CXWiP_14devmap_extract10frameworks5testss_22extracts_fastapi_route
FNDA:1,_RNvNtNtCsfsrGD4CXWiP_14devmap_extract10frameworks23language_dispatch_testss_46route_matchers_dispatch_on_their_own_languages
FNDA:6,_RNCNvNtNtCsfsrGD4CXWiP_14devmap_extract10frameworks18handler_name_testss_43an_express_route_names_its_handler_argument0B7_
FNDA:4,_RNCNvNtNtCsfsrGD4CXWiP_14devmap_extract10frameworks18handler_name_testss_46a_python_route_names_the_function_it_decorates0B7_
FNDA:6,_RNCNvNtNtCsfsrGD4CXWiP_14devmap_extract10frameworks18handler_name_testss_61nesting_inside_an_express_argument_list_does_not_end_the_scan0B7_
FNDA:62,_RNvNtCsfsrGD4CXWiP_14devmap_extract10frameworks10express_re
FNDA:28,_RNvNtCsfsrGD4CXWiP_14devmap_extract10frameworks10fastapi_re
FNDA:15,_RNvNtCsfsrGD4CXWiP_14devmap_extract10frameworks20express_handler_name
FNDA:169,_RNvNtCsfsrGD4CXWiP_14devmap_extract10frameworks24extract_framework_routes
FNDA:8,_RNvNtCsfsrGD4CXWiP_14devmap_extract10frameworks24python_decorated_handler
FNDA:32,_RNvNtCsfsrGD4CXWiP_14devmap_extract10frameworks7axum_re
FNDA:0,_RNCNCNvNtCsfsrGD4CXWiP_14devmap_extract10frameworks10express_re00B7_
FNDA:0,_RNCNCNvNtCsfsrGD4CXWiP_14devmap_extract10frameworks10fastapi_re00B7_
FNDA:0,_RNCNCNvNtCsfsrGD4CXWiP_14devmap_extract10frameworks7axum_re00B7_
FNDA:1,_RNCNvNtCsfsrGD4CXWiP_14devmap_extract10frameworks10express_re0B5_
FNDA:1,_RNCNvNtCsfsrGD4CXWiP_14devmap_extract10frameworks10fastapi_re0B5_
FNDA:38,_RNCNvNtCsfsrGD4CXWiP_14devmap_extract10frameworks20express_handler_name0B5_
FNDA:84,_RNCNvNtCsfsrGD4CXWiP_14devmap_extract10frameworks20express_handler_names_0B5_
FNDA:7,_RNCNvNtCsfsrGD4CXWiP_14devmap_extract10frameworks24python_decorated_handler0B5_
FNDA:68,_RNCNvNtCsfsrGD4CXWiP_14devmap_extract10frameworks24python_decorated_handlers_0B5_
FNDA:1,_RNCNvNtCsfsrGD4CXWiP_14devmap_extract10frameworks7axum_re0B5_
FNF:24
FNH:21
DA:6,29706
DA:8,29706
DA:9,167
DA:10,167
DA:12,167
DA:13,167
DA:14,29706
DA:15,29706
DA:16,29706
DA:18,96
DA:20,96
DA:21,15
DA:22,15
DA:24,15
DA:25,15
DA:26,96
DA:27,96
DA:28,96
DA:30,132
DA:32,132
DA:33,11
DA:34,11
DA:35,11
DA:36,132
DA:37,132
DA:38,132
DA:50,11
DA:51,13
DA:52,13
DA:55,13
DA:56,2
DA:57,11
DA:58,11
DA:59,11
DA:60,11
DA:61,10
DA:62,10
DA:63,94
DA:64,10
DA:65,10
DA:67,0
DA:68,11
DA:77,18
DA:78,18
DA:82,18
DA:83,18
DA:84,488
DA:85,33
DA:86,27
DA:87,33
DA:88,18
DA:89,18
DA:91,27
DA:92,416
DA:95,18
DA:98,18
DA:99,18
DA:100,470
DA:101,36
DA:102,27
DA:103,27
DA:104,36
DA:105,391
DA:108,18
DA:111,18
DA:112,5
DA:113,5
DA:114,5
DA:115,38
DA:116,5
DA:117,5
DA:118,13
DA:122,13
DA:123,13
DA:124,13
DA:125,107
DA:126,13
DA:127,13
DA:130,4
DA:131,9
DA:132,9
DA:133,18
DA:135,30504
DA:136,30504
DA:137,30504
DA:138,30504
DA:139,30504
DA:141,30504
DA:142,29706
DA:143,11
DA:144,0
DA:146,11
DA:147,11
DA:148,11
DA:149,11
DA:150,11
DA:151,11
DA:152,11
DA:153,11
DA:154,11
DA:155,11
DA:157,798
DA:159,30504
DA:160,96
DA:161,6
DA:162,0
DA:164,6
DA:165,6
DA:166,6
DA:167,6
DA:168,6
DA:169,6
DA:170,6
DA:171,6
DA:172,6
DA:173,6
DA:175,30408
DA:177,30504
DA:178,30440
DA:179,30373
DA:181,132
DA:182,18
DA:183,0
DA:185,18
DA:186,18
DA:187,18
DA:188,18
DA:189,18
DA:190,18
DA:191,18
DA:192,18
DA:193,18
DA:194,18
DA:196,30372
DA:198,30504
DA:199,30504
DA:206,1
DA:207,1
DA:208,1
DA:209,1
DA:210,1
DA:211,1
DA:212,1
DA:213,1
DA:214,1
DA:215,1
DA:230,1
DA:231,1
DA:232,1
DA:233,1
DA:236,3
DA:237,3
DA:238,3
DA:239,3
DA:243,2
DA:244,2
DA:245,2
DA:247,3
DA:248,3
DA:249,3
DA:254,1
DA:255,1
DA:256,1
DA:261,1
DA:262,1
DA:263,1
DA:266,1
DA:281,1
DA:282,4
DA:283,4
[...]
DA:633,1
DA:634,1
DA:636,2
DA:638,132892
DA:639,132892
DA:640,132892
DA:641,132892
DA:642,132892
DA:643,106224
DA:645,132892
DA:647,106224
DA:648,26668
DA:649,26668
DA:650,26668
DA:651,26668
DA:652,26668
DA:653,26668
DA:654,26668
DA:655,26668
DA:656,26668
DA:658,132892
DA:660,29
DA:661,29
DA:662,29
DA:663,29
DA:664,29
DA:665,29
DA:666,29
DA:667,6055
DA:668,6055
DA:669,6055
DA:670,6055
DA:671,6055
DA:672,6055
DA:673,6055
DA:674,6055
DA:676,29
DA:677,29
DA:679,21
DA:680,21
DA:681,21
DA:685,91
DA:686,91
DA:687,0
DA:688,91
DA:689,91
DA:690,91
DA:691,91
DA:692,91
DA:693,91
DA:694,91
DA:695,91
DA:696,91
DA:697,135
DA:698,135
DA:699,135
DA:700,91
DA:701,135
DA:702,135
DA:704,91
DA:705,91
DA:707,29
DA:708,29
DA:709,29
DA:710,105
DA:711,105
DA:712,105
DA:713,105
DA:714,105
DA:716,29
DA:717,29
DA:719,2
DA:720,2
DA:721,2
DA:722,2
DA:723,2
DA:725,2
DA:726,2
DA:732,23
DA:733,23
DA:734,23
DA:735,98
DA:736,98
DA:737,98
DA:738,98
DA:739,98
DA:741,23
DA:742,23
DA:745,59399
DA:746,59399
DA:747,59399
DA:749,75
DA:750,75
DA:751,75
DA:752,75
DA:753,75
DA:754,75
DA:755,75
DA:756,75
DA:757,75
DA:758,75
DA:759,75
DA:761,75
DA:769,79
DA:770,79
DA:771,79
DA:772,79
DA:773,79
DA:774,79
DA:775,79
DA:776,79
DA:777,79
DA:779,265
DA:780,265
DA:781,265
DA:782,265
DA:783,265
DA:784,265
DA:785,265
DA:786,265
DA:787,265
DA:789,0
DA:790,0
DA:791,0
DA:792,265
DA:793,265
DA:794,28557
DA:795,28557
DA:796,0
DA:797,0
DA:798,0
DA:799,0
DA:800,28557
DA:802,265
DA:803,265
DA:804,265
DA:805,265
DA:806,265
DA:807,265
DA:808,265
DA:812,265
DA:813,0
DA:814,0
DA:816,265
DA:817,265
DA:818,265
DA:819,265
DA:820,265
DA:821,265
DA:823,265
DA:824,265
DA:825,265
DA:826,265
DA:827,142
DA:829,265
DA:831,265
DA:832,265
DA:833,265
DA:834,265
DA:835,265
DA:854,265
DA:855,265
DA:856,28557
DA:857,265
DA:858,265
DA:859,265
DA:860,265
DA:861,142
DA:862,37
DA:863,37
DA:864,37
DA:865,37
DA:866,37
DA:867,37
DA:868,868
DA:870,868
DA:871,868
DA:872,868
DA:873,868
DA:874,868
DA:876,868
DA:877,868
DA:878,868
DA:879,868
DA:880,41
DA:881,827
DA:882,827
DA:883,827
DA:884,827
DA:885,827
DA:889,827
DA:890,827
DA:891,827
DA:892,827
DA:893,807
DA:894,807
DA:895,20
DA:896,20
DA:898,105
DA:899,123
DA:905,265
DA:906,265
DA:907,265
DA:908,265
DA:909,265
DA:910,0
DA:911,0
DA:912,0
DA:913,0
DA:914,0
DA:915,0
DA:916,0
DA:917,265
DA:919,265
DA:920,142
DA:921,37
DA:922,37
DA:923,37
DA:924,37
DA:925,37
DA:926,37
DA:927,37
DA:928,37
DA:929,868
DA:931,868
DA:932,868
DA:933,868
DA:934,868
DA:935,868
DA:936,868
DA:937,868
DA:938,868
DA:940,868
DA:941,868
DA:943,868
DA:944,868
DA:945,868
DA:946,868
DA:947,868
DA:948,868
DA:949,868
DA:950,868
DA:951,868
DA:952,868
DA:953,61
DA:954,807
DA:955,807
DA:956,807
DA:957,807
DA:958,807
DA:959,807
DA:960,807
DA:961,807
DA:962,807
DA:963,807
DA:964,807
DA:965,807
DA:966,807
DA:967,807
DA:968,807
DA:969,807
DA:970,807
DA:971,807
DA:973,105
DA:974,123
DA:976,28557
DA:981,28557
DA:982,793
DA:983,27764
DA:984,27764
DA:985,0
DA:986,27764
DA:989,27764
DA:990,27764
DA:991,0
DA:992,0
DA:993,0
DA:994,0
DA:995,0
DA:996,27764
DA:997,0
DA:998,0
DA:999,0
DA:1000,0
DA:1001,0
DA:1002,27764
DA:1003,27764
DA:1004,27764
DA:1005,0
DA:1006,0
DA:1007,0
DA:1008,0
DA:1009,0
DA:1010,27764
DA:1011,27764
DA:1012,27764
DA:1013,27764
DA:1014,27764
DA:1015,27764
DA:1016,27764
DA:1017,27764
DA:1018,27764
DA:1019,27764
DA:1020,27764
DA:1021,27764
DA:1022,27764
DA:1023,27764
DA:1024,27764
DA:1025,27764
DA:1026,27764
DA:1027,27764
DA:1028,27764
DA:1029,27764
DA:1032,265
DA:1035,265
DA:1036,142
DA:1037,37
DA:1038,37
DA:1039,37
DA:1040,37
DA:1041,37
DA:1042,37
DA:1043,1933
DA:1045,1933
DA:1046,1933
DA:1047,1933
DA:1048,1933
DA:1049,1933
DA:1050,1933
DA:1051,1933
DA:1053,1933
DA:1054,1933
DA:1055,1933
DA:1056,1933
DA:1057,158
DA:1058,1775
DA:1059,1775
DA:1060,1775
DA:1061,1775
DA:1062,1775
DA:1063,1775
DA:1064,1775
DA:1065,1775
DA:1066,1775
DA:1067,1775
DA:1068,1775
DA:1069,1775
DA:1070,1775
DA:1071,1775
DA:1072,1775
DA:1073,1775
DA:1074,1775
DA:1076,105
DA:1077,123
DA:1080,28557
DA:1081,28557
DA:1082,793
DA:1083,27764
DA:1084,27764
DA:1085,0
DA:1086,27764
DA:1087,27764
DA:1088,57619
DA:1089,57619
DA:1090,57619
DA:1091,57619
DA:1092,57619
DA:1093,57619
DA:1094,57619
DA:1095,57619
DA:1096,57619
DA:1097,57619
DA:1098,57619
DA:1099,57619
DA:1100,57619
DA:1101,57619
DA:1102,57619
DA:1103,57619
DA:1104,57619
DA:1105,57619
DA:1106,57619
DA:1107,57619
DA:1108,57619
DA:1109,57619
DA:1110,57619
DA:1111,57619
DA:1112,57619
DA:1113,57619
DA:1139,265
DA:1141,37391
DA:1145,37391
DA:1146,0
DA:1147,37391
DA:1148,37391
DA:1149,37391
DA:1150,37391
DA:1151,37391
DA:1152,37391
DA:1153,37391
DA:1154,37391
DA:1155,37391
DA:1156,37391
DA:1157,37391
DA:1158,37391
DA:1159,37391
DA:1160,37391
DA:1161,37391
DA:1162,37391
DA:1163,37391
DA:1164,37391
DA:1195,265
DA:1196,0
DA:1197,0
DA:1198,0
DA:1199,0
DA:1200,0
DA:1201,265
DA:1203,26435
DA:1204,26435
DA:1205,0
DA:1206,0
DA:1207,0
DA:1208,0
DA:1209,26435
DA:1210,26435
DA:1211,26435
DA:1212,26435
DA:1213,26435
DA:1214,26435
DA:1215,26435
DA:1216,26435
DA:1217,26435
DA:1218,26435
DA:1219,26435
DA:1220,26435
DA:1221,26435
DA:1222,26435
DA:1234,265
DA:1235,265
DA:1236,265
DA:1237,265
DA:1238,265
DA:1239,265
DA:1240,265
DA:1241,154
DA:1242,0
DA:1243,0
DA:1244,0
DA:1245,0
DA:1246,154
DA:1252,154
DA:1253,154
DA:1254,154
DA:1255,0
DA:1262,265
DA:1263,265
DA:1264,265
DA:1265,265
DA:1266,0
DA:1267,265
DA:1268,265
DA:1269,265
DA:1270,265
DA:1271,0
DA:1272,265
DA:1273,265
DA:1274,265
DA:1275,265
DA:1276,0
DA:1280,52852
DA:1281,52852
DA:1282,52852
DA:1283,265
DA:1284,265
DA:1285,265
DA:1286,26435
DA:1287,265
DA:1288,265
DA:1289,265
DA:1290,265
DA:1291,265
DA:1292,265
DA:1293,265
DA:1294,265
DA:1295,28557
DA:1296,265
DA:1297,265
DA:1298,265
DA:1299,28557
DA:1300,265
DA:1301,265
DA:1302,265
DA:1303,265
DA:1304,265
DA:1305,265
DA:1306,265
DA:1308,265
DA:1309,265
DA:1310,265
DA:1311,265
DA:1312,265
DA:1313,265
DA:1314,265
DA:1315,265
DA:1316,265
DA:1317,265
DA:1318,265
DA:1319,265
DA:1320,265
DA:1321,265
DA:1322,265
DA:1323,265
DA:1324,265
DA:1325,265
DA:1326,265
DA:1327,265
DA:1328,265
DA:1331,265
DA:1332,265
DA:1333,265
DA:1334,265
DA:1335,265
DA:1337,265
DA:1338,265
DA:1339,265
DA:1342,4
DA:1343,4
DA:1344,4
DA:1345,4
DA:1346,4
DA:1347,4
DA:1348,4
DA:1349,4
DA:1350,4
DA:1351,4
DA:1352,4
DA:1354,4
DA:1355,4
DA:1356,4
DA:1357,4
DA:1358,4
DA:1359,4
DA:1360,4
DA:1361,4
DA:1362,4
DA:1363,4
DA:1364,4
DA:1365,4
DA:1366,4
DA:1367,2
DA:1368,2
DA:1369,2
DA:1370,4
DA:1371,4
DA:1373,4
DA:1374,4
DA:1375,4
DA:1377,42
DA:1378,42
DA:1379,42
DA:1380,42
DA:1381,42
DA:1382,42
DA:1384,42
DA:1385,42
DA:1387,8
DA:1388,8
DA:1389,8
DA:1390,8
DA:1391,8
DA:1392,8
DA:1394,8
DA:1395,8
DA:1403,1
DA:1404,1
DA:1405,1
DA:1406,1
DA:1407,1
DA:1408,1
DA:1409,1
DA:1410,1
DA:1411,1
DA:1412,1
DA:1413,1
DA:1414,1
DA:1415,1
DA:1416,1
DA:1417,1
DA:1418,1
DA:1422,1
DA:1423,1
DA:1424,1
DA:1425,1
DA:1426,1
DA:1427,1
DA:1428,1
DA:1429,1
DA:1444,176
DA:1445,176
DA:1446,176
DA:1447,176
DA:1448,176
DA:1449,176
DA:1450,176
DA:1451,176
DA:1453,168
DA:1454,168
DA:1455,168
DA:1457,168
DA:1458,176
DA:1459,168
DA:1460,168
DA:1461,168
DA:1464,168
DA:1465,168
DA:1467,32
DA:1468,136
DA:1470,144
DA:1471,176
DA:1477,318
DA:1478,318
DA:1479,318
DA:1480,318
DA:1481,318
DA:1482,318
DA:1483,318
DA:1484,318
DA:1485,318
DA:1486,1416
DA:1487,1416
DA:1488,1416
DA:1489,318
DA:1490,318
DA:1491,318
DA:1498,51
DA:1499,51
DA:1500,51
DA:1501,51
DA:1502,51
DA:1503,51
DA:1504,51
DA:1505,51
DA:1506,51
DA:1507,967
DA:1508,967
DA:1509,967
DA:1510,967
DA:1511,967
DA:1512,967
DA:1514,51
DA:1515,51
DA:1520,94
DA:1521,94
DA:1522,94
DA:1523,94
DA:1524,94
DA:1525,94
DA:1526,94
DA:1527,94
DA:1528,3234
DA:1529,3234
DA:1531,3234
DA:1532,3234
DA:1533,3234
DA:1534,3234
DA:1536,3234
DA:1537,94
DA:1538,94
DA:1539,94
DA:1541,31
DA:1542,31
DA:1543,31
DA:1544,31
DA:1545,31
DA:1546,31
DA:1547,31
DA:1549,31
DA:1550,31
DA:1551,31
DA:1553,102
DA:1554,102
DA:1555,102
DA:1556,102
DA:1557,102
DA:1558,102
DA:1559,102
DA:1561,102
DA:1562,102
DA:1563,102
DA:1564,0
DA:1565,0
DA:1566,0
DA:1567,0
DA:1568,102
DA:1569,102
DA:1570,102
DA:1572,30
DA:1573,30
DA:1574,30
DA:1575,30
DA:1576,30
DA:1577,30
DA:1578,24
DA:1580,30
DA:1581,30
DA:1582,30
DA:1583,30
DA:1584,30
DA:1585,30
DA:1586,24
DA:1587,24
DA:1588,24
DA:1589,24
DA:1590,0
DA:1591,24
DA:1592,24
DA:1593,24
DA:1594,24
DA:1595,0
DA:1596,24
DA:1598,6
DA:1600,30
DA:1601,30
DA:1602,30
DA:1603,30
DA:1604,0
DA:1606,30
DA:1607,30
DA:1608,30
DA:1609,30
DA:1610,30
DA:1611,30
DA:1612,1
DA:1613,1
DA:1614,1
DA:1616,29
DA:1618,30
DA:1620,30
DA:1622,20
DA:1623,20
DA:1624,0
DA:1625,20
DA:1626,20
DA:1627,20
DA:1628,20
DA:1629,0
DA:1631,20
DA:1632,20
DA:1633,20
DA:1634,20
DA:1635,20
DA:1636,20
DA:1637,20
DA:1638,20
DA:1642,20
DA:1643,20
DA:1644,20
DA:1645,20
DA:1647,13
DA:1648,13
DA:1649,13
DA:1651,13
DA:1652,20
DA:1653,20
DA:1654,13
DA:1656,20
DA:1657,20
DA:1661,45
DA:1662,45
DA:1663,0
DA:1664,45
DA:1665,45
DA:1666,45
DA:1667,45
DA:1668,0
DA:1670,45
DA:1671,45
DA:1672,45
DA:1673,45
DA:1674,45
DA:1675,45
DA:1676,45
DA:1677,45
DA:1678,45
DA:1679,45
DA:1680,45
DA:1681,45
DA:1682,45
DA:1683,45
DA:1684,45
DA:1685,45
DA:1686,45
DA:1687,35
DA:1688,35
DA:1689,35
DA:1690,0
DA:1691,35
DA:1693,35
DA:1694,35
DA:1695,35
DA:1696,35
DA:1697,35
DA:1698,35
DA:1699,35
DA:1701,35
DA:1702,45
DA:1703,45
DA:1705,68
DA:1706,68
DA:1707,0
DA:1708,68
DA:1709,68
DA:1710,68
DA:1711,0
DA:1713,68
DA:1714,68
DA:1721,68
DA:1722,68
DA:1723,68
DA:1724,68
DA:1725,68
DA:1726,68
DA:1727,68
DA:1728,68
DA:1729,0
DA:1730,68
DA:1731,68
DA:1733,1
DA:1734,1
DA:1735,1
DA:1736,0
DA:1738,1
DA:1739,1
DA:1740,1
DA:1741,1
DA:1742,1
DA:1743,1
DA:1744,1
DA:1745,1
DA:1747,1
DA:1749,5
DA:1750,5
DA:1751,5
DA:1752,0
DA:1754,5
DA:1755,5
DA:1756,5
DA:1757,5
DA:1758,5
DA:1759,5
DA:1760,5
DA:1761,5
DA:1762,3
DA:1764,3
DA:1765,3
DA:1766,3
DA:1767,3
DA:1768,3
DA:1770,3
DA:1772,5
DA:1773,5
DA:1774,3
DA:1775,0
DA:1776,0
DA:1777,0
DA:1778,0
DA:1779,3
DA:1780,0
DA:1781,0
DA:1782,0
DA:1783,0
DA:1784,3
DA:1785,3
DA:1786,3
DA:1787,3
DA:1788,3
DA:1789,3
DA:1790,3
DA:1791,3
DA:1792,5
DA:1793,5
DA:1797,44
DA:1798,44
DA:1799,44
DA:1800,12
DA:1802,32
DA:1803,32
DA:1804,32
DA:1805,32
DA:1806,32
DA:1807,32
DA:1808,32
DA:1809,71
DA:1810,71
DA:1811,71
DA:1812,32
DA:1813,71
DA:1814,71
DA:1815,71
DA:1816,0
DA:1817,0
DA:1818,0
DA:1819,0
DA:1820,71
DA:1822,32
DA:1823,44
DA:1825,4
DA:1826,4
DA:1827,4
DA:1828,4
DA:1829,4
DA:1830,4
DA:1831,4
DA:1832,0
DA:1834,4
DA:1835,4
DA:1836,4
DA:1837,4
DA:1838,4
DA:1839,4
DA:1840,4
DA:1841,4
DA:1842,4
DA:1843,4
DA:1844,4
DA:1845,4
DA:1846,9
DA:1848,9
DA:1849,9
DA:1850,9
DA:1851,9
DA:1852,9
DA:1853,9
DA:1855,9
DA:1856,4
DA:1857,4
DA:1859,10
DA:1860,10
DA:1861,10
DA:1862,0
DA:1864,10
DA:1865,10
DA:1866,10
DA:1867,10
DA:1868,10
DA:1869,10
DA:1870,10
DA:1871,10
DA:1872,10
DA:1873,10
DA:1874,52
DA:1876,52
DA:1877,52
DA:1878,52
DA:1879,52
DA:1880,52
DA:1881,52
DA:1883,52
DA:1884,10
DA:1885,10
DA:1887,96
DA:1888,96
DA:1889,96
DA:1890,0
DA:1892,96
DA:1893,96
DA:1894,96
DA:1895,96
DA:1896,96
DA:1897,96
DA:1898,994
DA:1900,994
DA:1901,994
DA:1902,994
DA:1903,994
DA:1904,994
DA:1906,994
DA:1907,96
DA:1908,96
DA:1913,1
DA:1914,1
DA:1915,1
DA:1916,0
DA:1918,1
DA:1919,1
DA:1920,1
DA:1921,1
DA:1922,1
DA:1923,1
DA:1924,1
DA:1926,1
DA:1928,294
DA:1929,294
DA:1930,294
DA:1931,294
DA:1932,282
DA:1934,294
DA:1935,294
DA:1937,6
DA:1938,6
DA:1939,6
DA:1940,6
DA:1941,6
DA:1942,6
DA:1943,6
DA:1944,604
DA:1945,6
DA:1946,604
DA:1947,604
DA:1949,6
DA:1950,6
DA:1967,172
DA:1968,172
DA:1969,172
DA:1971,165
DA:1972,165
DA:1973,165
DA:1974,165
DA:1975,165
DA:1976,121
DA:1977,44
DA:1978,165
DA:1979,165
DA:1983,5
DA:1984,6
DA:1985,6
DA:1986,6
DA:1987,6
DA:1988,6
DA:1990,5
DA:1991,5
DA:1992,5
DA:1993,0
DA:1994,0
DA:1995,0
DA:1996,0
DA:2001,5
DA:2002,5
DA:2003,5
DA:2004,5
DA:2005,5
DA:2006,4
DA:2007,4
DA:2008,4
DA:2009,4
DA:2010,4
DA:2011,4
DA:2012,1
DA:2014,1
DA:2015,1
DA:2016,1
DA:2017,1
DA:2018,1
DA:2019,1
DA:2020,1
DA:2021,1
DA:2023,5
DA:2024,5
DA:2025,0
DA:2026,0
DA:2027,5
DA:2029,5
DA:2031,2
DA:2032,2
DA:2033,2
DA:2034,2
DA:2035,2
DA:2036,2
DA:2037,2
DA:2038,2
DA:2039,2
DA:2040,2
DA:2042,2
DA:2043,2
DA:2044,2
DA:2045,2
DA:2046,2
DA:2047,2
DA:2048,2
DA:2049,2
DA:2050,5
DA:2052,5
DA:2053,5
DA:2054,5
DA:2055,5
DA:2057,5
DA:2058,2
DA:2059,2
DA:2060,5
DA:2061,5
DA:2062,5
DA:2063,5
DA:2064,5
DA:2065,5
DA:2066,5
DA:2067,5
DA:2068,5
DA:2069,5
DA:2071,0
DA:2072,2
DA:2073,2
DA:2074,2
DA:2076,189
DA:2077,189
DA:2081,189
DA:2088,189
DA:2090,189
DA:2091,189
DA:2092,189
DA:2093,397
DA:2094,189
DA:2095,189
DA:2098,189
DA:2099,106
DA:2100,83
DA:2102,83
DA:2103,83
DA:2105,107
DA:2106,107
DA:2107,107
DA:2108,107
DA:2109,107
DA:2110,107
DA:2111,107
DA:2112,107
DA:2113,107
DA:2114,107
DA:2115,107
DA:2116,107
DA:2117,107
DA:2118,107
DA:2119,107
DA:2120,107
DA:2121,107
DA:2122,107
DA:2123,107
DA:2124,107
DA:2125,107
DA:2126,107
DA:2127,107
DA:2128,107
DA:2129,107
DA:2130,107
DA:2131,107
DA:2132,107
DA:2133,107
DA:2134,107
DA:2135,107
DA:2146,83
DA:2148,83
DA:2149,83
DA:2150,189
DA:2170,185
DA:2171,185
DA:2172,185
DA:2173,185
DA:2174,185
DA:2175,185
DA:2176,185
DA:2177,185
DA:2178,185
DA:2179,185
DA:2180,185
DA:2181,185
DA:2182,185
DA:2183,185
DA:2184,185
DA:2185,185
DA:2187,1653
DA:2188,1653
DA:2189,1653
DA:2190,1653
DA:2191,1653
DA:2192,1653
DA:2193,1653
DA:2194,1653
DA:2195,1653
DA:2196,1653
DA:2197,1653
DA:2198,1653
DA:2203,158
DA:2205,1653
DA:2216,1653
DA:2217,158
DA:2218,1495
DA:2219,1495
DA:2220,1495
DA:2221,1495
DA:2222,1495
DA:2223,1495
DA:2224,1495
DA:2225,1495
DA:2230,417
DA:2232,1495
DA:2234,1653
DA:2235,1653
DA:2237,1489
DA:2238,1489
DA:2239,1489
DA:2240,1489
DA:2241,1489
DA:2242,1489
DA:2243,1
DA:2244,1488
DA:2245,1488
DA:2246,1488
DA:2247,1488
DA:2248,1488
DA:2249,1488
DA:2252,1488
DA:2253,1488
DA:2254,0
DA:2255,0
DA:2256,1488
DA:2257,1488
DA:2258,1488
DA:2259,1488
DA:2260,1488
DA:2261,1488
DA:2262,1488
DA:2263,1488
DA:2264,1488
DA:2265,1488
DA:2266,1488
DA:2267,1488
DA:2268,1488
DA:2269,1488
DA:2270,1488
DA:2271,1488
DA:2272,1489
DA:2274,1
DA:2275,1
DA:2276,1
DA:2277,1
DA:2278,1
DA:2279,1
DA:2280,1
DA:2281,1
DA:2282,1
DA:2283,1
DA:2284,1
DA:2285,1
DA:2286,1
DA:2287,1
DA:2288,1
DA:2289,1
DA:2290,1
DA:2291,1
DA:2292,1
DA:2293,1
DA:2294,1
DA:2296,1
DA:2297,1
DA:2298,1
DA:2299,1
DA:2300,1
DA:2301,1
DA:2303,1
DA:2304,1
DA:2305,1
DA:2313,1
DA:2314,1
DA:2315,1
DA:2316,1
DA:2317,1
DA:2318,1
DA:2319,1
DA:2320,1
DA:2321,1
DA:2322,1
DA:2323,1
DA:2324,1
DA:2339,1
DA:2340,1
DA:2341,1
DA:2342,1
DA:2343,1
DA:2344,1
DA:2345,1
DA:2346,1
DA:2347,1
DA:2350,1
DA:2353,1
DA:2354,1
DA:2355,1
DA:2356,1
DA:2358,1
DA:2360,1
DA:2361,1
DA:2362,1
DA:2365,1
DA:2366,1
DA:2369,1
DA:2370,1
DA:2374,1
DA:2380,1
DA:2381,1
DA:2382,1
DA:2383,1
DA:2384,1
DA:2385,1
DA:2386,40
DA:2389,0
DA:2390,0
DA:2394,1
BRF:0
BRH:0
LF:1698
LH:1523
end_of_record
SF:/Users/bharath/Code/devtools/DevCouncil/rust-port/crates/devmap-store/src/extract_cache.rs
FN:39,_RNvNtCsix0H28tCF5o_12devmap_store13extract_cache18extract_one_cached
FN:13,_RNvNtCsix0H28tCF5o_12devmap_store13extract_cache19extract_tree_cached
FN:27,_RNvNtCsix0H28tCF5o_12devmap_store13extract_cache31extract_tree_cached_with_report
FN:43,_RINvNtCsix0H28tCF5o_12devmap_store13extract_cache23extract_one_cached_withNvCsj6FNWQLTNtt_14devmap_extract12extract_fileEB4_
FN:34,_RNCNvNtCsix0H28tCF5o_12devmap_store13extract_cache31extract_tree_cached_with_report0B5_
FN:39,_RNvNtCs1dICOLGjP5x_12devmap_store13extract_cache18extract_one_cached
FN:13,_RNvNtCs1dICOLGjP5x_12devmap_store13extract_cache19extract_tree_cached
FN:27,_RNvNtCs1dICOLGjP5x_12devmap_store13extract_cache31extract_tree_cached_with_report
FN:92,_RNCNvNtNtCs1dICOLGjP5x_12devmap_store13extract_cache5testss_31test_cache_admission_end_to_end0B7_
FN:104,_RNCNvNtNtCs1dICOLGjP5x_12devmap_store13extract_cache5testss_31test_cache_admission_end_to_ends_0B7_
FN:150,_RNCNvNtNtCs1dICOLGjP5x_12devmap_store13extract_cache5testss_44cache_hit_returns_before_invoking_the_parser0B7_
FN:135,_RNCNvNtNtCs1dICOLGjP5x_12devmap_store13extract_cache5testss_59identical_content_never_aliases_file_identity_through_cache0B7_
FN:43,_RINvNtCs1dICOLGjP5x_12devmap_store13extract_cache23extract_one_cached_withNCNvNtB2_5testss_44cache_hit_returns_before_invoking_the_parser0EB4_
FN:43,_RINvNtCs1dICOLGjP5x_12devmap_store13extract_cache23extract_one_cached_withNvCsj6FNWQLTNtt_14devmap_extract12extract_fileEB4_
FN:34,_RNCNvNtCs1dICOLGjP5x_12devmap_store13extract_cache31extract_tree_cached_with_report0B5_
FN:74,_RNvNtNtCs1dICOLGjP5x_12devmap_store13extract_cache5testss_31test_cache_admission_end_to_end
FN:144,_RNvNtNtCs1dICOLGjP5x_12devmap_store13extract_cache5testss_44cache_hit_returns_before_invoking_the_parser
FN:116,_RNvNtNtCs1dICOLGjP5x_12devmap_store13extract_cache5testss_59identical_content_never_aliases_file_identity_through_cache
FNDA:1511,_RNvNtCsix0H28tCF5o_12devmap_store13extract_cache18extract_one_cached
FNDA:0,_RNvNtCsix0H28tCF5o_12devmap_store13extract_cache19extract_tree_cached
FNDA:161,_RNvNtCsix0H28tCF5o_12devmap_store13extract_cache31extract_tree_cached_with_report
FNDA:1511,_RINvNtCsix0H28tCF5o_12devmap_store13extract_cache23extract_one_cached_withNvCsj6FNWQLTNtt_14devmap_extract12extract_fileEB4_
FNDA:1511,_RNCNvNtCsix0H28tCF5o_12devmap_store13extract_cache31extract_tree_cached_with_report0B5_
FNDA:132,_RNvNtCs1dICOLGjP5x_12devmap_store13extract_cache18extract_one_cached
FNDA:4,_RNvNtCs1dICOLGjP5x_12devmap_store13extract_cache19extract_tree_cached
FNDA:4,_RNvNtCs1dICOLGjP5x_12devmap_store13extract_cache31extract_tree_cached_with_report
FNDA:1,_RNCNvNtNtCs1dICOLGjP5x_12devmap_store13extract_cache5testss_31test_cache_admission_end_to_end0B7_
FNDA:2,_RNCNvNtNtCs1dICOLGjP5x_12devmap_store13extract_cache5testss_31test_cache_admission_end_to_ends_0B7_
FNDA:0,_RNCNvNtNtCs1dICOLGjP5x_12devmap_store13extract_cache5testss_44cache_hit_returns_before_invoking_the_parser0B7_
FNDA:128,_RNCNvNtNtCs1dICOLGjP5x_12devmap_store13extract_cache5testss_59identical_content_never_aliases_file_identity_through_cache0B7_
FNDA:1,_RINvNtCs1dICOLGjP5x_12devmap_store13extract_cache23extract_one_cached_withNCNvNtB2_5testss_44cache_hit_returns_before_invoking_the_parser0EB4_
FNDA:133,_RINvNtCs1dICOLGjP5x_12devmap_store13extract_cache23extract_one_cached_withNvCsj6FNWQLTNtt_14devmap_extract12extract_fileEB4_
FNDA:132,_RNCNvNtCs1dICOLGjP5x_12devmap_store13extract_cache31extract_tree_cached_with_report0B5_
FNDA:1,_RNvNtNtCs1dICOLGjP5x_12devmap_store13extract_cache5testss_31test_cache_admission_end_to_end
FNDA:1,_RNvNtNtCs1dICOLGjP5x_12devmap_store13extract_cache5testss_44cache_hit_returns_before_invoking_the_parser
FNDA:1,_RNvNtNtCs1dICOLGjP5x_12devmap_store13extract_cache5testss_59identical_content_never_aliases_file_identity_through_cache
FNF:12
FNH:11
DA:13,4
DA:14,4
DA:15,4
DA:27,165
DA:28,165
DA:29,165
DA:30,165
DA:31,165
DA:32,165
DA:33,165
DA:34,1643
DA:35,165
DA:36,165
DA:37,165
DA:39,1643
DA:40,1643
DA:41,1643
DA:43,1645
DA:44,1645
DA:45,1645
DA:46,1645
DA:47,1645
DA:48,1645
DA:49,1645
DA:50,1645
DA:51,1645
DA:55,571
DA:56,444
DA:57,127
DA:58,1074
DA:59,1201
DA:60,1201
DA:61,1201
DA:62,0
DA:63,1201
DA:64,1645
DA:74,1
DA:76,1
DA:77,1
DA:78,1
DA:79,1
DA:80,1
DA:81,1
DA:82,1
DA:83,1
DA:84,1
DA:86,1
DA:87,1
DA:88,1
DA:90,1
DA:91,1
DA:92,1
DA:93,1
DA:94,1
DA:95,0
DA:96,0
DA:97,1
DA:99,1
DA:100,1
DA:102,1
DA:103,1
DA:104,2
DA:105,1
DA:106,1
DA:107,1
DA:108,1
DA:112,1
DA:113,1
DA:116,1
DA:117,1
DA:118,1
DA:119,1
DA:120,1
DA:121,1
DA:122,1
DA:123,64
DA:124,64
DA:125,64
DA:126,64
DA:127,64
DA:128,64
DA:129,64
DA:130,1
DA:131,1
DA:132,2
DA:133,2
DA:134,2
DA:135,128
DA:136,2
DA:137,2
DA:138,2
DA:140,1
DA:141,1
DA:144,1
DA:145,1
DA:146,1
DA:147,1
DA:148,1
DA:150,1
DA:151,0
DA:153,1
DA:154,1
DA:155,1
BRF:0
BRH:0
LF:108
LH:103
end_of_record
SF:/Users/bharath/Code/devtools/DevCouncil/rust-port/crates/devmap-store/src/schema.rs
FN:315,_RNvNtNtCs1dICOLGjP5x_12devmap_store6schema24retention_constant_testss_36retention_matches_the_store_constant
FNDA:1,_RNvNtNtCs1dICOLGjP5x_12devmap_store6schema24retention_constant_testss_36retention_matches_the_store_constant
FNF:1
FNH:1
DA:315,1
DA:316,1
DA:317,1
DA:322,1
BRF:0
BRH:0
LF:4
LH:4
end_of_record